[debug] [2024-08-08T21:55:46.698Z] ----------------------------------------------------------------------
[debug] [2024-08-08T21:55:46.704Z] Command:       C:\Program Files\nodejs\node.exe C:\Users\valdi\AppData\Local\Yarn\Data\global\node_modules\firebase-tools\lib\bin\firebase.js deploy --only functions
[debug] [2024-08-08T21:55:46.705Z] CLI Version:   13.15.0
[debug] [2024-08-08T21:55:46.706Z] Platform:      win32
[debug] [2024-08-08T21:55:46.707Z] Node Version:  v20.10.0
[debug] [2024-08-08T21:55:46.707Z] Time:          Fri Aug 09 2024 00:55:46 GMT+0300 (Austrumeiropas vasaras laiks)
[debug] [2024-08-08T21:55:46.707Z] ----------------------------------------------------------------------
[debug] 
[debug] [2024-08-08T21:55:46.827Z] > command requires scopes: ["email","openid","https://www.googleapis.com/auth/cloudplatformprojects.readonly","https://www.googleapis.com/auth/firebase","https://www.googleapis.com/auth/cloud-platform"]
[debug] [2024-08-08T21:55:46.828Z] > authorizing via signed-in user (valdis.vascenkovs@gmail.com)
[debug] [2024-08-08T21:55:46.828Z] [iam] checking project onlinebeautyapp-e572d for permissions ["cloudfunctions.functions.create","cloudfunctions.functions.delete","cloudfunctions.functions.get","cloudfunctions.functions.list","cloudfunctions.functions.update","cloudfunctions.operations.get","firebase.projects.get"]
[debug] [2024-08-08T21:55:46.831Z] >>> [apiv2][query] POST https://cloudresourcemanager.googleapis.com/v1/projects/onlinebeautyapp-e572d:testIamPermissions [none]
[debug] [2024-08-08T21:55:46.832Z] >>> [apiv2][(partial)header] POST https://cloudresourcemanager.googleapis.com/v1/projects/onlinebeautyapp-e572d:testIamPermissions x-goog-quota-user=projects/onlinebeautyapp-e572d
[debug] [2024-08-08T21:55:46.832Z] >>> [apiv2][body] POST https://cloudresourcemanager.googleapis.com/v1/projects/onlinebeautyapp-e572d:testIamPermissions {"permissions":["cloudfunctions.functions.create","cloudfunctions.functions.delete","cloudfunctions.functions.get","cloudfunctions.functions.list","cloudfunctions.functions.update","cloudfunctions.operations.get","firebase.projects.get"]}
[debug] [2024-08-08T21:55:47.673Z] <<< [apiv2][status] POST https://cloudresourcemanager.googleapis.com/v1/projects/onlinebeautyapp-e572d:testIamPermissions 200
[debug] [2024-08-08T21:55:47.674Z] <<< [apiv2][body] POST https://cloudresourcemanager.googleapis.com/v1/projects/onlinebeautyapp-e572d:testIamPermissions {"permissions":["cloudfunctions.functions.create","cloudfunctions.functions.delete","cloudfunctions.functions.get","cloudfunctions.functions.list","cloudfunctions.functions.update","cloudfunctions.operations.get","firebase.projects.get"]}
[debug] [2024-08-08T21:55:47.675Z] >>> [apiv2][query] POST https://iam.googleapis.com/v1/projects/onlinebeautyapp-e572d/serviceAccounts/onlinebeautyapp-e572d@appspot.gserviceaccount.com:testIamPermissions [none]
[debug] [2024-08-08T21:55:47.675Z] >>> [apiv2][body] POST https://iam.googleapis.com/v1/projects/onlinebeautyapp-e572d/serviceAccounts/onlinebeautyapp-e572d@appspot.gserviceaccount.com:testIamPermissions {"permissions":["iam.serviceAccounts.actAs"]}
[debug] [2024-08-08T21:55:48.440Z] <<< [apiv2][status] POST https://iam.googleapis.com/v1/projects/onlinebeautyapp-e572d/serviceAccounts/onlinebeautyapp-e572d@appspot.gserviceaccount.com:testIamPermissions 200
[debug] [2024-08-08T21:55:48.440Z] <<< [apiv2][body] POST https://iam.googleapis.com/v1/projects/onlinebeautyapp-e572d/serviceAccounts/onlinebeautyapp-e572d@appspot.gserviceaccount.com:testIamPermissions {"permissions":["iam.serviceAccounts.actAs"]}
[info] 
[info] === Deploying to 'onlinebeautyapp-e572d'...
[info] 
[info] i  deploying functions 
[info] +  functions: Finished running predeploy script. 
[debug] [2024-08-08T21:55:48.453Z] >>> [apiv2][query] GET https://firebase.googleapis.com/v1beta1/projects/onlinebeautyapp-e572d [none]
[debug] [2024-08-08T21:55:48.758Z] <<< [apiv2][status] GET https://firebase.googleapis.com/v1beta1/projects/onlinebeautyapp-e572d 200
[debug] [2024-08-08T21:55:48.759Z] <<< [apiv2][body] GET https://firebase.googleapis.com/v1beta1/projects/onlinebeautyapp-e572d {"projectId":"onlinebeautyapp-e572d","projectNumber":"796785992105","displayName":"OnlineBeautyApp","name":"projects/onlinebeautyapp-e572d","resources":{"hostingSite":"onlinebeautyapp-e572d"},"state":"ACTIVE","etag":"1_c106a16a-1b14-4f08-a1d6-066c3a3a602a"}
[info] i  functions: preparing codebase default for deployment 
[info] i  functions: ensuring required API cloudfunctions.googleapis.com is enabled... 
[info] i  functions: ensuring required API cloudbuild.googleapis.com is enabled... 
[info] i  artifactregistry: ensuring required API artifactregistry.googleapis.com is enabled... 
[debug] [2024-08-08T21:55:48.768Z] >>> [apiv2][query] GET https://serviceusage.googleapis.com/v1/projects/onlinebeautyapp-e572d/services/cloudfunctions.googleapis.com [none]
[debug] [2024-08-08T21:55:48.768Z] >>> [apiv2][(partial)header] GET https://serviceusage.googleapis.com/v1/projects/onlinebeautyapp-e572d/services/cloudfunctions.googleapis.com x-goog-quota-user=projects/onlinebeautyapp-e572d
[debug] [2024-08-08T21:55:48.771Z] >>> [apiv2][query] GET https://serviceusage.googleapis.com/v1/projects/onlinebeautyapp-e572d/services/runtimeconfig.googleapis.com [none]
[debug] [2024-08-08T21:55:48.771Z] >>> [apiv2][(partial)header] GET https://serviceusage.googleapis.com/v1/projects/onlinebeautyapp-e572d/services/runtimeconfig.googleapis.com x-goog-quota-user=projects/onlinebeautyapp-e572d
[debug] [2024-08-08T21:55:48.774Z] >>> [apiv2][query] GET https://serviceusage.googleapis.com/v1/projects/onlinebeautyapp-e572d/services/cloudbuild.googleapis.com [none]
[debug] [2024-08-08T21:55:48.774Z] >>> [apiv2][(partial)header] GET https://serviceusage.googleapis.com/v1/projects/onlinebeautyapp-e572d/services/cloudbuild.googleapis.com x-goog-quota-user=projects/onlinebeautyapp-e572d
[debug] [2024-08-08T21:55:48.777Z] >>> [apiv2][query] GET https://serviceusage.googleapis.com/v1/projects/onlinebeautyapp-e572d/services/artifactregistry.googleapis.com [none]
[debug] [2024-08-08T21:55:48.777Z] >>> [apiv2][(partial)header] GET https://serviceusage.googleapis.com/v1/projects/onlinebeautyapp-e572d/services/artifactregistry.googleapis.com x-goog-quota-user=projects/onlinebeautyapp-e572d
[debug] [2024-08-08T21:55:49.804Z] <<< [apiv2][status] GET https://serviceusage.googleapis.com/v1/projects/onlinebeautyapp-e572d/services/runtimeconfig.googleapis.com 200
[debug] [2024-08-08T21:55:49.804Z] <<< [apiv2][body] GET https://serviceusage.googleapis.com/v1/projects/onlinebeautyapp-e572d/services/runtimeconfig.googleapis.com [omitted]
[debug] [2024-08-08T21:55:49.809Z] <<< [apiv2][status] GET https://serviceusage.googleapis.com/v1/projects/onlinebeautyapp-e572d/services/cloudbuild.googleapis.com 200
[debug] [2024-08-08T21:55:49.809Z] <<< [apiv2][body] GET https://serviceusage.googleapis.com/v1/projects/onlinebeautyapp-e572d/services/cloudbuild.googleapis.com [omitted]
[info] +  functions: required API cloudbuild.googleapis.com is enabled 
[debug] [2024-08-08T21:55:49.817Z] <<< [apiv2][status] GET https://serviceusage.googleapis.com/v1/projects/onlinebeautyapp-e572d/services/cloudfunctions.googleapis.com 200
[debug] [2024-08-08T21:55:49.817Z] <<< [apiv2][body] GET https://serviceusage.googleapis.com/v1/projects/onlinebeautyapp-e572d/services/cloudfunctions.googleapis.com [omitted]
[info] +  functions: required API cloudfunctions.googleapis.com is enabled 
[debug] [2024-08-08T21:55:49.823Z] <<< [apiv2][status] GET https://serviceusage.googleapis.com/v1/projects/onlinebeautyapp-e572d/services/artifactregistry.googleapis.com 200
[debug] [2024-08-08T21:55:49.823Z] <<< [apiv2][body] GET https://serviceusage.googleapis.com/v1/projects/onlinebeautyapp-e572d/services/artifactregistry.googleapis.com [omitted]
[info] +  artifactregistry: required API artifactregistry.googleapis.com is enabled 
[debug] [2024-08-08T21:55:49.825Z] >>> [apiv2][query] GET https://firebase.googleapis.com/v1beta1/projects/onlinebeautyapp-e572d/adminSdkConfig [none]
[debug] [2024-08-08T21:55:50.051Z] <<< [apiv2][status] GET https://firebase.googleapis.com/v1beta1/projects/onlinebeautyapp-e572d/adminSdkConfig 200
[debug] [2024-08-08T21:55:50.052Z] <<< [apiv2][body] GET https://firebase.googleapis.com/v1beta1/projects/onlinebeautyapp-e572d/adminSdkConfig {"projectId":"onlinebeautyapp-e572d","storageBucket":"onlinebeautyapp-e572d.appspot.com"}
[debug] [2024-08-08T21:55:50.052Z] >>> [apiv2][query] GET https://runtimeconfig.googleapis.com/v1beta1/projects/onlinebeautyapp-e572d/configs [none]
[debug] [2024-08-08T21:55:50.888Z] <<< [apiv2][status] GET https://runtimeconfig.googleapis.com/v1beta1/projects/onlinebeautyapp-e572d/configs 200
[debug] [2024-08-08T21:55:50.888Z] <<< [apiv2][body] GET https://runtimeconfig.googleapis.com/v1beta1/projects/onlinebeautyapp-e572d/configs {}
[debug] [2024-08-08T21:55:50.890Z] Validating nodejs source
[debug] [2024-08-08T21:55:53.673Z] > [functions] package.json contents: {
  "name": "functions",
  "scripts": {
    "lint": "eslint --ext .js,.ts .",
    "build": "tsc",
    "build:watch": "tsc --watch",
    "serve": "npm run build && firebase emulators:start --only functions",
    "shell": "npm run build && firebase functions:shell",
    "start": "npm run shell",
    "deploy": "firebase deploy --only functions",
    "logs": "firebase functions:log"
  },
  "engines": {
    "node": "20"
  },
  "main": "lib/index.js",
  "dependencies": {
    "firebase-admin": "^12.1.0",
    "firebase-functions": "^5.0.0"
  },
  "devDependencies": {
    "@typescript-eslint/eslint-plugin": "^5.12.0",
    "@typescript-eslint/parser": "^5.12.0",
    "eslint": "^8.9.0",
    "eslint-config-google": "^0.14.0",
    "eslint-plugin-import": "^2.25.4",
    "firebase-functions-test": "^3.1.0",
    "typescript": "^4.9.0"
  },
  "private": true
}
[debug] [2024-08-08T21:55:53.673Z] Building nodejs source
[info] i  functions: Loading and analyzing source code for codebase default to determine what to deploy 
[debug] [2024-08-08T21:55:53.677Z] Could not find functions.yaml. Must use http discovery
[debug] [2024-08-08T21:55:53.694Z] Found firebase-functions binary at 'D:\Online Beauty App Project\online-beauty-app-biz\functions\node_modules\.bin\firebase-functions'
[info] Serving at port 8843

[debug] [2024-08-08T21:55:54.965Z] Got response from /__/functions.yaml {"endpoints":{"sendVerificationCode":{"platform":"gcfv1","labels":{},"availableMemoryMb":null,"timeoutSeconds":null,"minInstances":null,"maxInstances":null,"ingressSettings":null,"serviceAccountEmail":null,"vpc":null,"callableTrigger":{},"entryPoint":"sendVerificationCode"},"checkIfEmailExists":{"platform":"gcfv1","labels":{},"availableMemoryMb":null,"timeoutSeconds":null,"minInstances":null,"maxInstances":null,"ingressSettings":null,"serviceAccountEmail":null,"vpc":null,"callableTrigger":{},"entryPoint":"checkIfEmailExists"}},"specVersion":"v1alpha1","requiredAPIs":[]}
[info] i  functions: preparing functions directory for uploading... 
[info] i  functions: packaged D:\Online Beauty App Project\online-beauty-app-biz\functions (65.09 KB) for uploading 
[debug] [2024-08-08T21:56:00.134Z] >>> [apiv2][query] GET https://cloudfunctions.googleapis.com/v1/projects/onlinebeautyapp-e572d/locations/-/functions [none]
[debug] [2024-08-08T21:56:00.936Z] <<< [apiv2][status] GET https://cloudfunctions.googleapis.com/v1/projects/onlinebeautyapp-e572d/locations/-/functions 200
[debug] [2024-08-08T21:56:00.937Z] <<< [apiv2][body] GET https://cloudfunctions.googleapis.com/v1/projects/onlinebeautyapp-e572d/locations/-/functions {"functions":[{"name":"projects/onlinebeautyapp-e572d/locations/us-central1/functions/sendVerificationCode","httpsTrigger":{"url":"https://us-central1-onlinebeautyapp-e572d.cloudfunctions.net/sendVerificationCode","securityLevel":"SECURE_ALWAYS"},"status":"ACTIVE","entryPoint":"sendVerificationCode","timeout":"60s","availableMemoryMb":256,"serviceAccountEmail":"onlinebeautyapp-e572d@appspot.gserviceaccount.com","updateTime":"2024-08-08T21:09:32.819Z","versionId":"1","labels":{"deployment-tool":"cli-firebase","deployment-callable":"true","firebase-functions-hash":"b44d487cde0b45d56fa5975b1e73da1f876360e7"},"sourceUploadUrl":"https://storage.googleapis.com/uploads-678197337532.us-central1.cloudfunctions.appspot.com/30322406-5cfd-4fa9-900c-ac737a670798.zip","environmentVariables":{"FIREBASE_CONFIG":"{\"projectId\":\"onlinebeautyapp-e572d\",\"storageBucket\":\"onlinebeautyapp-e572d.appspot.com\"}","GCLOUD_PROJECT":"onlinebeautyapp-e572d","EVENTARC_CLOUD_EVENT_SOURCE":"projects/onlinebeautyapp-e572d/locations/us-central1/functions/sendVerificationCode"},"runtime":"nodejs20","ingressSettings":"ALLOW_ALL","buildId":"702cb944-6bce-40d0-af90-6148f7bc3726","buildEnvironmentVariables":{"GOOGLE_NODE_RUN_SCRIPTS":""},"buildName":"projects/796785992105/locations/us-central1/builds/702cb944-6bce-40d0-af90-6148f7bc3726","dockerRegistry":"ARTIFACT_REGISTRY","automaticUpdatePolicy":{},"buildServiceAccount":"796785992105-compute@developer.gserviceaccount.com"}]}
[debug] [2024-08-08T21:56:00.941Z] >>> [apiv2][query] GET https://cloudfunctions.googleapis.com/v2/projects/onlinebeautyapp-e572d/locations/-/functions filter=environment%3D%22GEN_2%22
[debug] [2024-08-08T21:56:02.032Z] <<< [apiv2][status] GET https://cloudfunctions.googleapis.com/v2/projects/onlinebeautyapp-e572d/locations/-/functions 200
[debug] [2024-08-08T21:56:02.032Z] <<< [apiv2][body] GET https://cloudfunctions.googleapis.com/v2/projects/onlinebeautyapp-e572d/locations/-/functions {}
[debug] [2024-08-08T21:56:02.036Z] >>> [apiv2][query] GET https://firebase.googleapis.com/v1beta1/projects/onlinebeautyapp-e572d [none]
[debug] [2024-08-08T21:56:02.282Z] <<< [apiv2][status] GET https://firebase.googleapis.com/v1beta1/projects/onlinebeautyapp-e572d 200
[debug] [2024-08-08T21:56:02.283Z] <<< [apiv2][body] GET https://firebase.googleapis.com/v1beta1/projects/onlinebeautyapp-e572d {"projectId":"onlinebeautyapp-e572d","projectNumber":"796785992105","displayName":"OnlineBeautyApp","name":"projects/onlinebeautyapp-e572d","resources":{"hostingSite":"onlinebeautyapp-e572d"},"state":"ACTIVE","etag":"1_c106a16a-1b14-4f08-a1d6-066c3a3a602a"}
[debug] [2024-08-08T21:56:02.285Z] >>> [apiv2][query] POST https://cloudfunctions.googleapis.com/v1/projects/onlinebeautyapp-e572d/locations/us-central1/functions:generateUploadUrl [none]
[debug] [2024-08-08T21:56:02.285Z] >>> [apiv2][body] POST https://cloudfunctions.googleapis.com/v1/projects/onlinebeautyapp-e572d/locations/us-central1/functions:generateUploadUrl {}
[debug] [2024-08-08T21:56:03.084Z] <<< [apiv2][status] POST https://cloudfunctions.googleapis.com/v1/projects/onlinebeautyapp-e572d/locations/us-central1/functions:generateUploadUrl 200
[debug] [2024-08-08T21:56:03.085Z] <<< [apiv2][body] POST https://cloudfunctions.googleapis.com/v1/projects/onlinebeautyapp-e572d/locations/us-central1/functions:generateUploadUrl {"uploadUrl":"https://storage.googleapis.com/uploads-678197337532.us-central1.cloudfunctions.appspot.com/e4f85956-7c15-4c2d-8605-044471782dad.zip?GoogleAccessId=service-796785992105@gcf-admin-robot.iam.gserviceaccount.com&Expires=1723155963&Signature=ONot4lB8eXHlfjoGADWHzTRoQM23hZPrsI8oMJ8lD%2BwRIl2rLsMo4AVZlA5Ug22wWJc9wVQBBJK06fjjvnD7bp2%2FntrBCWHM1Kbj8rWCBcJps%2FGOShnjv2Smxey9LHOJIJ9kkHpnlinc%2BFA1Sm2hMzKFK0H860OAYT8uhETF3swvgsv6mFjHZn63EiaTPfjm%2FiwQxhsZqUyFC6IVr4fVQYgSgjPerWQMjUyJJ1I5HIWk6TnN%2F1tgzdmgR14kpO74aQAOj603bnz6R8NibZP5CjoMKYnPeLbRMOBUeb6x5jNCmH2uEJ6u6A08jtcp6kv6Js0h4V0d5rL5kKaaHNsyRg%3D%3D"}
[debug] [2024-08-08T21:56:03.088Z] >>> [apiv2][query] PUT https://storage.googleapis.com/uploads-678197337532.us-central1.cloudfunctions.appspot.com/e4f85956-7c15-4c2d-8605-044471782dad.zip GoogleAccessId=service-796785992105%40gcf-admin-robot.iam.gserviceaccount.com&Expires=1723155963&Signature=ONot4lB8eXHlfjoGADWHzTRoQM23hZPrsI8oMJ8lD%2BwRIl2rLsMo4AVZlA5Ug22wWJc9wVQBBJK06fjjvnD7bp2%2FntrBCWHM1Kbj8rWCBcJps%2FGOShnjv2Smxey9LHOJIJ9kkHpnlinc%2BFA1Sm2hMzKFK0H860OAYT8uhETF3swvgsv6mFjHZn63EiaTPfjm%2FiwQxhsZqUyFC6IVr4fVQYgSgjPerWQMjUyJJ1I5HIWk6TnN%2F1tgzdmgR14kpO74aQAOj603bnz6R8NibZP5CjoMKYnPeLbRMOBUeb6x5jNCmH2uEJ6u6A08jtcp6kv6Js0h4V0d5rL5kKaaHNsyRg%3D%3D
[debug] [2024-08-08T21:56:03.088Z] >>> [apiv2][body] PUT https://storage.googleapis.com/uploads-678197337532.us-central1.cloudfunctions.appspot.com/e4f85956-7c15-4c2d-8605-044471782dad.zip [stream]
[debug] [2024-08-08T21:56:04.261Z] <<< [apiv2][status] PUT https://storage.googleapis.com/uploads-678197337532.us-central1.cloudfunctions.appspot.com/e4f85956-7c15-4c2d-8605-044471782dad.zip 200
[debug] [2024-08-08T21:56:04.261Z] <<< [apiv2][body] PUT https://storage.googleapis.com/uploads-678197337532.us-central1.cloudfunctions.appspot.com/e4f85956-7c15-4c2d-8605-044471782dad.zip [omitted]
[info] +  functions: functions folder uploaded successfully 
[info] i  functions: creating Node.js 20 (1st Gen) function checkIfEmailExists(us-central1)... 
[info] i  functions: updating Node.js 20 (1st Gen) function sendVerificationCode(us-central1)... 
[debug] [2024-08-08T21:56:04.286Z] >>> [apiv2][query] POST https://cloudfunctions.googleapis.com/v1/projects/onlinebeautyapp-e572d/locations/us-central1/functions [none]
[debug] [2024-08-08T21:56:04.286Z] >>> [apiv2][body] POST https://cloudfunctions.googleapis.com/v1/projects/onlinebeautyapp-e572d/locations/us-central1/functions {"name":"projects/onlinebeautyapp-e572d/locations/us-central1/functions/checkIfEmailExists","sourceUploadUrl":"https://storage.googleapis.com/uploads-678197337532.us-central1.cloudfunctions.appspot.com/e4f85956-7c15-4c2d-8605-044471782dad.zip?GoogleAccessId=service-796785992105@gcf-admin-robot.iam.gserviceaccount.com&Expires=1723155963&Signature=ONot4lB8eXHlfjoGADWHzTRoQM23hZPrsI8oMJ8lD%2BwRIl2rLsMo4AVZlA5Ug22wWJc9wVQBBJK06fjjvnD7bp2%2FntrBCWHM1Kbj8rWCBcJps%2FGOShnjv2Smxey9LHOJIJ9kkHpnlinc%2BFA1Sm2hMzKFK0H860OAYT8uhETF3swvgsv6mFjHZn63EiaTPfjm%2FiwQxhsZqUyFC6IVr4fVQYgSgjPerWQMjUyJJ1I5HIWk6TnN%2F1tgzdmgR14kpO74aQAOj603bnz6R8NibZP5CjoMKYnPeLbRMOBUeb6x5jNCmH2uEJ6u6A08jtcp6kv6Js0h4V0d5rL5kKaaHNsyRg%3D%3D","entryPoint":"checkIfEmailExists","runtime":"nodejs20","dockerRegistry":"ARTIFACT_REGISTRY","labels":{"deployment-tool":"cli-firebase","deployment-callable":"true","firebase-functions-hash":"1f097dc6b734ab3771f8abfb09d44060ddde2624"},"httpsTrigger":{"securityLevel":"SECURE_ALWAYS"},"minInstances":null,"maxInstances":null,"ingressSettings":null,"environmentVariables":{"FIREBASE_CONFIG":"{\"projectId\":\"onlinebeautyapp-e572d\",\"storageBucket\":\"onlinebeautyapp-e572d.appspot.com\"}","GCLOUD_PROJECT":"onlinebeautyapp-e572d","EVENTARC_CLOUD_EVENT_SOURCE":"projects/onlinebeautyapp-e572d/locations/us-central1/functions/checkIfEmailExists"},"serviceAccountEmail":null,"availableMemoryMb":null,"timeout":null,"vpcConnector":null,"vpcConnectorEgressSettings":null,"buildEnvironmentVariables":{"GOOGLE_NODE_RUN_SCRIPTS":""}}
[debug] [2024-08-08T21:56:05.106Z] <<< [apiv2][status] POST https://cloudfunctions.googleapis.com/v1/projects/onlinebeautyapp-e572d/locations/us-central1/functions 200
[debug] [2024-08-08T21:56:05.106Z] <<< [apiv2][body] POST https://cloudfunctions.googleapis.com/v1/projects/onlinebeautyapp-e572d/locations/us-central1/functions {"name":"operations/b25saW5lYmVhdXR5YXBwLWU1NzJkL3VzLWNlbnRyYWwxL2NoZWNrSWZFbWFpbEV4aXN0cy90MndUZFZmMm16Yw","metadata":{"@type":"type.googleapis.com/google.cloud.functions.v1.OperationMetadataV1","target":"projects/onlinebeautyapp-e572d/locations/us-central1/functions/checkIfEmailExists","type":"CREATE_FUNCTION","request":{"@type":"type.googleapis.com/google.cloud.functions.v1.CloudFunction","name":"projects/onlinebeautyapp-e572d/locations/us-central1/functions/checkIfEmailExists","httpsTrigger":{"securityLevel":"SECURE_ALWAYS"},"entryPoint":"checkIfEmailExists","labels":{"deployment-tool":"cli-firebase","deployment-callable":"true","firebase-functions-hash":"1f097dc6b734ab3771f8abfb09d44060ddde2624"},"sourceUploadUrl":"https://storage.googleapis.com/uploads-678197337532.us-central1.cloudfunctions.appspot.com/e4f85956-7c15-4c2d-8605-044471782dad.zip?GoogleAccessId=service-796785992105@gcf-admin-robot.iam.gserviceaccount.com&Expires=1723155963&Signature=ONot4lB8eXHlfjoGADWHzTRoQM23hZPrsI8oMJ8lD%2BwRIl2rLsMo4AVZlA5Ug22wWJc9wVQBBJK06fjjvnD7bp2%2FntrBCWHM1Kbj8rWCBcJps%2FGOShnjv2Smxey9LHOJIJ9kkHpnlinc%2BFA1Sm2hMzKFK0H860OAYT8uhETF3swvgsv6mFjHZn63EiaTPfjm%2FiwQxhsZqUyFC6IVr4fVQYgSgjPerWQMjUyJJ1I5HIWk6TnN%2F1tgzdmgR14kpO74aQAOj603bnz6R8NibZP5CjoMKYnPeLbRMOBUeb6x5jNCmH2uEJ6u6A08jtcp6kv6Js0h4V0d5rL5kKaaHNsyRg%3D%3D","environmentVariables":{"FIREBASE_CONFIG":"{\"projectId\":\"onlinebeautyapp-e572d\",\"storageBucket\":\"onlinebeautyapp-e572d.appspot.com\"}","GCLOUD_PROJECT":"onlinebeautyapp-e572d","EVENTARC_CLOUD_EVENT_SOURCE":"projects/onlinebeautyapp-e572d/locations/us-central1/functions/checkIfEmailExists"},"runtime":"nodejs20","buildEnvironmentVariables":{"GOOGLE_NODE_RUN_SCRIPTS":""},"dockerRegistry":"ARTIFACT_REGISTRY"},"versionId":"1","updateTime":"2024-08-08T21:56:05Z"}}
[debug] [2024-08-08T21:56:05.107Z] >>> [apiv2][query] GET https://cloudfunctions.googleapis.com/v1/operations/b25saW5lYmVhdXR5YXBwLWU1NzJkL3VzLWNlbnRyYWwxL2NoZWNrSWZFbWFpbEV4aXN0cy90MndUZFZmMm16Yw [none]
[debug] [2024-08-08T21:56:05.489Z] <<< [apiv2][status] GET https://cloudfunctions.googleapis.com/v1/operations/b25saW5lYmVhdXR5YXBwLWU1NzJkL3VzLWNlbnRyYWwxL2NoZWNrSWZFbWFpbEV4aXN0cy90MndUZFZmMm16Yw 200
[debug] [2024-08-08T21:56:05.489Z] <<< [apiv2][body] GET https://cloudfunctions.googleapis.com/v1/operations/b25saW5lYmVhdXR5YXBwLWU1NzJkL3VzLWNlbnRyYWwxL2NoZWNrSWZFbWFpbEV4aXN0cy90MndUZFZmMm16Yw {"name":"operations/b25saW5lYmVhdXR5YXBwLWU1NzJkL3VzLWNlbnRyYWwxL2NoZWNrSWZFbWFpbEV4aXN0cy90MndUZFZmMm16Yw","metadata":{"@type":"type.googleapis.com/google.cloud.functions.v1.OperationMetadataV1","target":"projects/onlinebeautyapp-e572d/locations/us-central1/functions/checkIfEmailExists","type":"CREATE_FUNCTION","request":{"@type":"type.googleapis.com/google.cloud.functions.v1.CloudFunction","name":"projects/onlinebeautyapp-e572d/locations/us-central1/functions/checkIfEmailExists","httpsTrigger":{"securityLevel":"SECURE_ALWAYS"},"entryPoint":"checkIfEmailExists","labels":{"deployment-tool":"cli-firebase","deployment-callable":"true","firebase-functions-hash":"1f097dc6b734ab3771f8abfb09d44060ddde2624"},"sourceUploadUrl":"https://storage.googleapis.com/uploads-678197337532.us-central1.cloudfunctions.appspot.com/e4f85956-7c15-4c2d-8605-044471782dad.zip?GoogleAccessId=service-796785992105@gcf-admin-robot.iam.gserviceaccount.com&Expires=1723155963&Signature=ONot4lB8eXHlfjoGADWHzTRoQM23hZPrsI8oMJ8lD%2BwRIl2rLsMo4AVZlA5Ug22wWJc9wVQBBJK06fjjvnD7bp2%2FntrBCWHM1Kbj8rWCBcJps%2FGOShnjv2Smxey9LHOJIJ9kkHpnlinc%2BFA1Sm2hMzKFK0H860OAYT8uhETF3swvgsv6mFjHZn63EiaTPfjm%2FiwQxhsZqUyFC6IVr4fVQYgSgjPerWQMjUyJJ1I5HIWk6TnN%2F1tgzdmgR14kpO74aQAOj603bnz6R8NibZP5CjoMKYnPeLbRMOBUeb6x5jNCmH2uEJ6u6A08jtcp6kv6Js0h4V0d5rL5kKaaHNsyRg%3D%3D","environmentVariables":{"FIREBASE_CONFIG":"{\"projectId\":\"onlinebeautyapp-e572d\",\"storageBucket\":\"onlinebeautyapp-e572d.appspot.com\"}","GCLOUD_PROJECT":"onlinebeautyapp-e572d","EVENTARC_CLOUD_EVENT_SOURCE":"projects/onlinebeautyapp-e572d/locations/us-central1/functions/checkIfEmailExists"},"runtime":"nodejs20","buildEnvironmentVariables":{"GOOGLE_NODE_RUN_SCRIPTS":""},"dockerRegistry":"ARTIFACT_REGISTRY"},"versionId":"1","updateTime":"2024-08-08T21:56:05Z"}}
[debug] [2024-08-08T21:56:06.000Z] [create-default-us-central1-checkIfEmailExists] Retrying task index 0
[debug] [2024-08-08T21:56:06.001Z] >>> [apiv2][query] GET https://cloudfunctions.googleapis.com/v1/operations/b25saW5lYmVhdXR5YXBwLWU1NzJkL3VzLWNlbnRyYWwxL2NoZWNrSWZFbWFpbEV4aXN0cy90MndUZFZmMm16Yw [none]
[debug] [2024-08-08T21:56:06.384Z] <<< [apiv2][status] GET https://cloudfunctions.googleapis.com/v1/operations/b25saW5lYmVhdXR5YXBwLWU1NzJkL3VzLWNlbnRyYWwxL2NoZWNrSWZFbWFpbEV4aXN0cy90MndUZFZmMm16Yw 200
[debug] [2024-08-08T21:56:06.384Z] <<< [apiv2][body] GET https://cloudfunctions.googleapis.com/v1/operations/b25saW5lYmVhdXR5YXBwLWU1NzJkL3VzLWNlbnRyYWwxL2NoZWNrSWZFbWFpbEV4aXN0cy90MndUZFZmMm16Yw {"name":"operations/b25saW5lYmVhdXR5YXBwLWU1NzJkL3VzLWNlbnRyYWwxL2NoZWNrSWZFbWFpbEV4aXN0cy90MndUZFZmMm16Yw","metadata":{"@type":"type.googleapis.com/google.cloud.functions.v1.OperationMetadataV1","target":"projects/onlinebeautyapp-e572d/locations/us-central1/functions/checkIfEmailExists","type":"CREATE_FUNCTION","request":{"@type":"type.googleapis.com/google.cloud.functions.v1.CloudFunction","name":"projects/onlinebeautyapp-e572d/locations/us-central1/functions/checkIfEmailExists","httpsTrigger":{"securityLevel":"SECURE_ALWAYS"},"entryPoint":"checkIfEmailExists","labels":{"deployment-tool":"cli-firebase","deployment-callable":"true","firebase-functions-hash":"1f097dc6b734ab3771f8abfb09d44060ddde2624"},"sourceUploadUrl":"https://storage.googleapis.com/uploads-678197337532.us-central1.cloudfunctions.appspot.com/e4f85956-7c15-4c2d-8605-044471782dad.zip?GoogleAccessId=service-796785992105@gcf-admin-robot.iam.gserviceaccount.com&Expires=1723155963&Signature=ONot4lB8eXHlfjoGADWHzTRoQM23hZPrsI8oMJ8lD%2BwRIl2rLsMo4AVZlA5Ug22wWJc9wVQBBJK06fjjvnD7bp2%2FntrBCWHM1Kbj8rWCBcJps%2FGOShnjv2Smxey9LHOJIJ9kkHpnlinc%2BFA1Sm2hMzKFK0H860OAYT8uhETF3swvgsv6mFjHZn63EiaTPfjm%2FiwQxhsZqUyFC6IVr4fVQYgSgjPerWQMjUyJJ1I5HIWk6TnN%2F1tgzdmgR14kpO74aQAOj603bnz6R8NibZP5CjoMKYnPeLbRMOBUeb6x5jNCmH2uEJ6u6A08jtcp6kv6Js0h4V0d5rL5kKaaHNsyRg%3D%3D","environmentVariables":{"FIREBASE_CONFIG":"{\"projectId\":\"onlinebeautyapp-e572d\",\"storageBucket\":\"onlinebeautyapp-e572d.appspot.com\"}","GCLOUD_PROJECT":"onlinebeautyapp-e572d","EVENTARC_CLOUD_EVENT_SOURCE":"projects/onlinebeautyapp-e572d/locations/us-central1/functions/checkIfEmailExists"},"runtime":"nodejs20","buildEnvironmentVariables":{"GOOGLE_NODE_RUN_SCRIPTS":""},"dockerRegistry":"ARTIFACT_REGISTRY"},"versionId":"1","updateTime":"2024-08-08T21:56:05Z","buildId":"2b39981a-9901-4d6b-ae6e-1137a5c06903","buildName":"projects/796785992105/locations/us-central1/builds/2b39981a-9901-4d6b-ae6e-1137a5c06903"}}
[debug] [2024-08-08T21:56:07.397Z] [create-default-us-central1-checkIfEmailExists] Retrying task index 0
[debug] [2024-08-08T21:56:07.398Z] >>> [apiv2][query] GET https://cloudfunctions.googleapis.com/v1/operations/b25saW5lYmVhdXR5YXBwLWU1NzJkL3VzLWNlbnRyYWwxL2NoZWNrSWZFbWFpbEV4aXN0cy90MndUZFZmMm16Yw [none]
[debug] [2024-08-08T21:56:07.757Z] <<< [apiv2][status] GET https://cloudfunctions.googleapis.com/v1/operations/b25saW5lYmVhdXR5YXBwLWU1NzJkL3VzLWNlbnRyYWwxL2NoZWNrSWZFbWFpbEV4aXN0cy90MndUZFZmMm16Yw 200
[debug] [2024-08-08T21:56:07.757Z] <<< [apiv2][body] GET https://cloudfunctions.googleapis.com/v1/operations/b25saW5lYmVhdXR5YXBwLWU1NzJkL3VzLWNlbnRyYWwxL2NoZWNrSWZFbWFpbEV4aXN0cy90MndUZFZmMm16Yw {"name":"operations/b25saW5lYmVhdXR5YXBwLWU1NzJkL3VzLWNlbnRyYWwxL2NoZWNrSWZFbWFpbEV4aXN0cy90MndUZFZmMm16Yw","metadata":{"@type":"type.googleapis.com/google.cloud.functions.v1.OperationMetadataV1","target":"projects/onlinebeautyapp-e572d/locations/us-central1/functions/checkIfEmailExists","type":"CREATE_FUNCTION","request":{"@type":"type.googleapis.com/google.cloud.functions.v1.CloudFunction","name":"projects/onlinebeautyapp-e572d/locations/us-central1/functions/checkIfEmailExists","httpsTrigger":{"securityLevel":"SECURE_ALWAYS"},"entryPoint":"checkIfEmailExists","labels":{"deployment-tool":"cli-firebase","deployment-callable":"true","firebase-functions-hash":"1f097dc6b734ab3771f8abfb09d44060ddde2624"},"sourceUploadUrl":"https://storage.googleapis.com/uploads-678197337532.us-central1.cloudfunctions.appspot.com/e4f85956-7c15-4c2d-8605-044471782dad.zip?GoogleAccessId=service-796785992105@gcf-admin-robot.iam.gserviceaccount.com&Expires=1723155963&Signature=ONot4lB8eXHlfjoGADWHzTRoQM23hZPrsI8oMJ8lD%2BwRIl2rLsMo4AVZlA5Ug22wWJc9wVQBBJK06fjjvnD7bp2%2FntrBCWHM1Kbj8rWCBcJps%2FGOShnjv2Smxey9LHOJIJ9kkHpnlinc%2BFA1Sm2hMzKFK0H860OAYT8uhETF3swvgsv6mFjHZn63EiaTPfjm%2FiwQxhsZqUyFC6IVr4fVQYgSgjPerWQMjUyJJ1I5HIWk6TnN%2F1tgzdmgR14kpO74aQAOj603bnz6R8NibZP5CjoMKYnPeLbRMOBUeb6x5jNCmH2uEJ6u6A08jtcp6kv6Js0h4V0d5rL5kKaaHNsyRg%3D%3D","environmentVariables":{"FIREBASE_CONFIG":"{\"projectId\":\"onlinebeautyapp-e572d\",\"storageBucket\":\"onlinebeautyapp-e572d.appspot.com\"}","GCLOUD_PROJECT":"onlinebeautyapp-e572d","EVENTARC_CLOUD_EVENT_SOURCE":"projects/onlinebeautyapp-e572d/locations/us-central1/functions/checkIfEmailExists"},"runtime":"nodejs20","buildEnvironmentVariables":{"GOOGLE_NODE_RUN_SCRIPTS":""},"dockerRegistry":"ARTIFACT_REGISTRY"},"versionId":"1","updateTime":"2024-08-08T21:56:05Z","buildId":"2b39981a-9901-4d6b-ae6e-1137a5c06903","buildName":"projects/796785992105/locations/us-central1/builds/2b39981a-9901-4d6b-ae6e-1137a5c06903"}}
[debug] [2024-08-08T21:56:09.770Z] [create-default-us-central1-checkIfEmailExists] Retrying task index 0
[debug] [2024-08-08T21:56:09.772Z] >>> [apiv2][query] GET https://cloudfunctions.googleapis.com/v1/operations/b25saW5lYmVhdXR5YXBwLWU1NzJkL3VzLWNlbnRyYWwxL2NoZWNrSWZFbWFpbEV4aXN0cy90MndUZFZmMm16Yw [none]
[debug] [2024-08-08T21:56:10.157Z] <<< [apiv2][status] GET https://cloudfunctions.googleapis.com/v1/operations/b25saW5lYmVhdXR5YXBwLWU1NzJkL3VzLWNlbnRyYWwxL2NoZWNrSWZFbWFpbEV4aXN0cy90MndUZFZmMm16Yw 200
[debug] [2024-08-08T21:56:10.157Z] <<< [apiv2][body] GET https://cloudfunctions.googleapis.com/v1/operations/b25saW5lYmVhdXR5YXBwLWU1NzJkL3VzLWNlbnRyYWwxL2NoZWNrSWZFbWFpbEV4aXN0cy90MndUZFZmMm16Yw {"name":"operations/b25saW5lYmVhdXR5YXBwLWU1NzJkL3VzLWNlbnRyYWwxL2NoZWNrSWZFbWFpbEV4aXN0cy90MndUZFZmMm16Yw","metadata":{"@type":"type.googleapis.com/google.cloud.functions.v1.OperationMetadataV1","target":"projects/onlinebeautyapp-e572d/locations/us-central1/functions/checkIfEmailExists","type":"CREATE_FUNCTION","request":{"@type":"type.googleapis.com/google.cloud.functions.v1.CloudFunction","name":"projects/onlinebeautyapp-e572d/locations/us-central1/functions/checkIfEmailExists","httpsTrigger":{"securityLevel":"SECURE_ALWAYS"},"entryPoint":"checkIfEmailExists","labels":{"deployment-tool":"cli-firebase","deployment-callable":"true","firebase-functions-hash":"1f097dc6b734ab3771f8abfb09d44060ddde2624"},"sourceUploadUrl":"https://storage.googleapis.com/uploads-678197337532.us-central1.cloudfunctions.appspot.com/e4f85956-7c15-4c2d-8605-044471782dad.zip?GoogleAccessId=service-796785992105@gcf-admin-robot.iam.gserviceaccount.com&Expires=1723155963&Signature=ONot4lB8eXHlfjoGADWHzTRoQM23hZPrsI8oMJ8lD%2BwRIl2rLsMo4AVZlA5Ug22wWJc9wVQBBJK06fjjvnD7bp2%2FntrBCWHM1Kbj8rWCBcJps%2FGOShnjv2Smxey9LHOJIJ9kkHpnlinc%2BFA1Sm2hMzKFK0H860OAYT8uhETF3swvgsv6mFjHZn63EiaTPfjm%2FiwQxhsZqUyFC6IVr4fVQYgSgjPerWQMjUyJJ1I5HIWk6TnN%2F1tgzdmgR14kpO74aQAOj603bnz6R8NibZP5CjoMKYnPeLbRMOBUeb6x5jNCmH2uEJ6u6A08jtcp6kv6Js0h4V0d5rL5kKaaHNsyRg%3D%3D","environmentVariables":{"FIREBASE_CONFIG":"{\"projectId\":\"onlinebeautyapp-e572d\",\"storageBucket\":\"onlinebeautyapp-e572d.appspot.com\"}","GCLOUD_PROJECT":"onlinebeautyapp-e572d","EVENTARC_CLOUD_EVENT_SOURCE":"projects/onlinebeautyapp-e572d/locations/us-central1/functions/checkIfEmailExists"},"runtime":"nodejs20","buildEnvironmentVariables":{"GOOGLE_NODE_RUN_SCRIPTS":""},"dockerRegistry":"ARTIFACT_REGISTRY"},"versionId":"1","updateTime":"2024-08-08T21:56:05Z","buildId":"2b39981a-9901-4d6b-ae6e-1137a5c06903","buildName":"projects/796785992105/locations/us-central1/builds/2b39981a-9901-4d6b-ae6e-1137a5c06903"}}
[debug] [2024-08-08T21:56:14.166Z] [create-default-us-central1-checkIfEmailExists] Retrying task index 0
[debug] [2024-08-08T21:56:14.169Z] >>> [apiv2][query] GET https://cloudfunctions.googleapis.com/v1/operations/b25saW5lYmVhdXR5YXBwLWU1NzJkL3VzLWNlbnRyYWwxL2NoZWNrSWZFbWFpbEV4aXN0cy90MndUZFZmMm16Yw [none]
[debug] [2024-08-08T21:56:14.401Z] <<< [apiv2][status] GET https://cloudfunctions.googleapis.com/v1/operations/b25saW5lYmVhdXR5YXBwLWU1NzJkL3VzLWNlbnRyYWwxL2NoZWNrSWZFbWFpbEV4aXN0cy90MndUZFZmMm16Yw 200
[debug] [2024-08-08T21:56:14.401Z] <<< [apiv2][body] GET https://cloudfunctions.googleapis.com/v1/operations/b25saW5lYmVhdXR5YXBwLWU1NzJkL3VzLWNlbnRyYWwxL2NoZWNrSWZFbWFpbEV4aXN0cy90MndUZFZmMm16Yw {"name":"operations/b25saW5lYmVhdXR5YXBwLWU1NzJkL3VzLWNlbnRyYWwxL2NoZWNrSWZFbWFpbEV4aXN0cy90MndUZFZmMm16Yw","metadata":{"@type":"type.googleapis.com/google.cloud.functions.v1.OperationMetadataV1","target":"projects/onlinebeautyapp-e572d/locations/us-central1/functions/checkIfEmailExists","type":"CREATE_FUNCTION","request":{"@type":"type.googleapis.com/google.cloud.functions.v1.CloudFunction","name":"projects/onlinebeautyapp-e572d/locations/us-central1/functions/checkIfEmailExists","httpsTrigger":{"securityLevel":"SECURE_ALWAYS"},"entryPoint":"checkIfEmailExists","labels":{"deployment-tool":"cli-firebase","deployment-callable":"true","firebase-functions-hash":"1f097dc6b734ab3771f8abfb09d44060ddde2624"},"sourceUploadUrl":"https://storage.googleapis.com/uploads-678197337532.us-central1.cloudfunctions.appspot.com/e4f85956-7c15-4c2d-8605-044471782dad.zip?GoogleAccessId=service-796785992105@gcf-admin-robot.iam.gserviceaccount.com&Expires=1723155963&Signature=ONot4lB8eXHlfjoGADWHzTRoQM23hZPrsI8oMJ8lD%2BwRIl2rLsMo4AVZlA5Ug22wWJc9wVQBBJK06fjjvnD7bp2%2FntrBCWHM1Kbj8rWCBcJps%2FGOShnjv2Smxey9LHOJIJ9kkHpnlinc%2BFA1Sm2hMzKFK0H860OAYT8uhETF3swvgsv6mFjHZn63EiaTPfjm%2FiwQxhsZqUyFC6IVr4fVQYgSgjPerWQMjUyJJ1I5HIWk6TnN%2F1tgzdmgR14kpO74aQAOj603bnz6R8NibZP5CjoMKYnPeLbRMOBUeb6x5jNCmH2uEJ6u6A08jtcp6kv6Js0h4V0d5rL5kKaaHNsyRg%3D%3D","environmentVariables":{"FIREBASE_CONFIG":"{\"projectId\":\"onlinebeautyapp-e572d\",\"storageBucket\":\"onlinebeautyapp-e572d.appspot.com\"}","GCLOUD_PROJECT":"onlinebeautyapp-e572d","EVENTARC_CLOUD_EVENT_SOURCE":"projects/onlinebeautyapp-e572d/locations/us-central1/functions/checkIfEmailExists"},"runtime":"nodejs20","buildEnvironmentVariables":{"GOOGLE_NODE_RUN_SCRIPTS":""},"dockerRegistry":"ARTIFACT_REGISTRY"},"versionId":"1","updateTime":"2024-08-08T21:56:05Z","buildId":"2b39981a-9901-4d6b-ae6e-1137a5c06903","buildName":"projects/796785992105/locations/us-central1/builds/2b39981a-9901-4d6b-ae6e-1137a5c06903"}}
[debug] [2024-08-08T21:56:22.417Z] [create-default-us-central1-checkIfEmailExists] Retrying task index 0
[debug] [2024-08-08T21:56:22.418Z] >>> [apiv2][query] GET https://cloudfunctions.googleapis.com/v1/operations/b25saW5lYmVhdXR5YXBwLWU1NzJkL3VzLWNlbnRyYWwxL2NoZWNrSWZFbWFpbEV4aXN0cy90MndUZFZmMm16Yw [none]
[debug] [2024-08-08T21:56:22.845Z] <<< [apiv2][status] GET https://cloudfunctions.googleapis.com/v1/operations/b25saW5lYmVhdXR5YXBwLWU1NzJkL3VzLWNlbnRyYWwxL2NoZWNrSWZFbWFpbEV4aXN0cy90MndUZFZmMm16Yw 200
[debug] [2024-08-08T21:56:22.845Z] <<< [apiv2][body] GET https://cloudfunctions.googleapis.com/v1/operations/b25saW5lYmVhdXR5YXBwLWU1NzJkL3VzLWNlbnRyYWwxL2NoZWNrSWZFbWFpbEV4aXN0cy90MndUZFZmMm16Yw {"name":"operations/b25saW5lYmVhdXR5YXBwLWU1NzJkL3VzLWNlbnRyYWwxL2NoZWNrSWZFbWFpbEV4aXN0cy90MndUZFZmMm16Yw","metadata":{"@type":"type.googleapis.com/google.cloud.functions.v1.OperationMetadataV1","target":"projects/onlinebeautyapp-e572d/locations/us-central1/functions/checkIfEmailExists","type":"CREATE_FUNCTION","request":{"@type":"type.googleapis.com/google.cloud.functions.v1.CloudFunction","name":"projects/onlinebeautyapp-e572d/locations/us-central1/functions/checkIfEmailExists","httpsTrigger":{"securityLevel":"SECURE_ALWAYS"},"entryPoint":"checkIfEmailExists","labels":{"deployment-tool":"cli-firebase","deployment-callable":"true","firebase-functions-hash":"1f097dc6b734ab3771f8abfb09d44060ddde2624"},"sourceUploadUrl":"https://storage.googleapis.com/uploads-678197337532.us-central1.cloudfunctions.appspot.com/e4f85956-7c15-4c2d-8605-044471782dad.zip?GoogleAccessId=service-796785992105@gcf-admin-robot.iam.gserviceaccount.com&Expires=1723155963&Signature=ONot4lB8eXHlfjoGADWHzTRoQM23hZPrsI8oMJ8lD%2BwRIl2rLsMo4AVZlA5Ug22wWJc9wVQBBJK06fjjvnD7bp2%2FntrBCWHM1Kbj8rWCBcJps%2FGOShnjv2Smxey9LHOJIJ9kkHpnlinc%2BFA1Sm2hMzKFK0H860OAYT8uhETF3swvgsv6mFjHZn63EiaTPfjm%2FiwQxhsZqUyFC6IVr4fVQYgSgjPerWQMjUyJJ1I5HIWk6TnN%2F1tgzdmgR14kpO74aQAOj603bnz6R8NibZP5CjoMKYnPeLbRMOBUeb6x5jNCmH2uEJ6u6A08jtcp6kv6Js0h4V0d5rL5kKaaHNsyRg%3D%3D","environmentVariables":{"FIREBASE_CONFIG":"{\"projectId\":\"onlinebeautyapp-e572d\",\"storageBucket\":\"onlinebeautyapp-e572d.appspot.com\"}","GCLOUD_PROJECT":"onlinebeautyapp-e572d","EVENTARC_CLOUD_EVENT_SOURCE":"projects/onlinebeautyapp-e572d/locations/us-central1/functions/checkIfEmailExists"},"runtime":"nodejs20","buildEnvironmentVariables":{"GOOGLE_NODE_RUN_SCRIPTS":""},"dockerRegistry":"ARTIFACT_REGISTRY"},"versionId":"1","updateTime":"2024-08-08T21:56:05Z","buildId":"2b39981a-9901-4d6b-ae6e-1137a5c06903","buildName":"projects/796785992105/locations/us-central1/builds/2b39981a-9901-4d6b-ae6e-1137a5c06903"}}
[debug] [2024-08-08T21:56:32.852Z] [create-default-us-central1-checkIfEmailExists] Retrying task index 0
[debug] [2024-08-08T21:56:32.852Z] >>> [apiv2][query] GET https://cloudfunctions.googleapis.com/v1/operations/b25saW5lYmVhdXR5YXBwLWU1NzJkL3VzLWNlbnRyYWwxL2NoZWNrSWZFbWFpbEV4aXN0cy90MndUZFZmMm16Yw [none]
[debug] [2024-08-08T21:56:33.244Z] <<< [apiv2][status] GET https://cloudfunctions.googleapis.com/v1/operations/b25saW5lYmVhdXR5YXBwLWU1NzJkL3VzLWNlbnRyYWwxL2NoZWNrSWZFbWFpbEV4aXN0cy90MndUZFZmMm16Yw 200
[debug] [2024-08-08T21:56:33.245Z] <<< [apiv2][body] GET https://cloudfunctions.googleapis.com/v1/operations/b25saW5lYmVhdXR5YXBwLWU1NzJkL3VzLWNlbnRyYWwxL2NoZWNrSWZFbWFpbEV4aXN0cy90MndUZFZmMm16Yw {"name":"operations/b25saW5lYmVhdXR5YXBwLWU1NzJkL3VzLWNlbnRyYWwxL2NoZWNrSWZFbWFpbEV4aXN0cy90MndUZFZmMm16Yw","metadata":{"@type":"type.googleapis.com/google.cloud.functions.v1.OperationMetadataV1","target":"projects/onlinebeautyapp-e572d/locations/us-central1/functions/checkIfEmailExists","type":"CREATE_FUNCTION","request":{"@type":"type.googleapis.com/google.cloud.functions.v1.CloudFunction","name":"projects/onlinebeautyapp-e572d/locations/us-central1/functions/checkIfEmailExists","httpsTrigger":{"securityLevel":"SECURE_ALWAYS"},"entryPoint":"checkIfEmailExists","labels":{"deployment-tool":"cli-firebase","deployment-callable":"true","firebase-functions-hash":"1f097dc6b734ab3771f8abfb09d44060ddde2624"},"sourceUploadUrl":"https://storage.googleapis.com/uploads-678197337532.us-central1.cloudfunctions.appspot.com/e4f85956-7c15-4c2d-8605-044471782dad.zip?GoogleAccessId=service-796785992105@gcf-admin-robot.iam.gserviceaccount.com&Expires=1723155963&Signature=ONot4lB8eXHlfjoGADWHzTRoQM23hZPrsI8oMJ8lD%2BwRIl2rLsMo4AVZlA5Ug22wWJc9wVQBBJK06fjjvnD7bp2%2FntrBCWHM1Kbj8rWCBcJps%2FGOShnjv2Smxey9LHOJIJ9kkHpnlinc%2BFA1Sm2hMzKFK0H860OAYT8uhETF3swvgsv6mFjHZn63EiaTPfjm%2FiwQxhsZqUyFC6IVr4fVQYgSgjPerWQMjUyJJ1I5HIWk6TnN%2F1tgzdmgR14kpO74aQAOj603bnz6R8NibZP5CjoMKYnPeLbRMOBUeb6x5jNCmH2uEJ6u6A08jtcp6kv6Js0h4V0d5rL5kKaaHNsyRg%3D%3D","environmentVariables":{"FIREBASE_CONFIG":"{\"projectId\":\"onlinebeautyapp-e572d\",\"storageBucket\":\"onlinebeautyapp-e572d.appspot.com\"}","GCLOUD_PROJECT":"onlinebeautyapp-e572d","EVENTARC_CLOUD_EVENT_SOURCE":"projects/onlinebeautyapp-e572d/locations/us-central1/functions/checkIfEmailExists"},"runtime":"nodejs20","buildEnvironmentVariables":{"GOOGLE_NODE_RUN_SCRIPTS":""},"dockerRegistry":"ARTIFACT_REGISTRY"},"versionId":"1","updateTime":"2024-08-08T21:56:05Z","buildId":"2b39981a-9901-4d6b-ae6e-1137a5c06903","buildName":"projects/796785992105/locations/us-central1/builds/2b39981a-9901-4d6b-ae6e-1137a5c06903"}}
[debug] [2024-08-08T21:56:43.247Z] [create-default-us-central1-checkIfEmailExists] Retrying task index 0
[debug] [2024-08-08T21:56:43.248Z] >>> [apiv2][query] GET https://cloudfunctions.googleapis.com/v1/operations/b25saW5lYmVhdXR5YXBwLWU1NzJkL3VzLWNlbnRyYWwxL2NoZWNrSWZFbWFpbEV4aXN0cy90MndUZFZmMm16Yw [none]
[debug] [2024-08-08T21:56:43.636Z] <<< [apiv2][status] GET https://cloudfunctions.googleapis.com/v1/operations/b25saW5lYmVhdXR5YXBwLWU1NzJkL3VzLWNlbnRyYWwxL2NoZWNrSWZFbWFpbEV4aXN0cy90MndUZFZmMm16Yw 200
[debug] [2024-08-08T21:56:43.637Z] <<< [apiv2][body] GET https://cloudfunctions.googleapis.com/v1/operations/b25saW5lYmVhdXR5YXBwLWU1NzJkL3VzLWNlbnRyYWwxL2NoZWNrSWZFbWFpbEV4aXN0cy90MndUZFZmMm16Yw {"name":"operations/b25saW5lYmVhdXR5YXBwLWU1NzJkL3VzLWNlbnRyYWwxL2NoZWNrSWZFbWFpbEV4aXN0cy90MndUZFZmMm16Yw","metadata":{"@type":"type.googleapis.com/google.cloud.functions.v1.OperationMetadataV1","target":"projects/onlinebeautyapp-e572d/locations/us-central1/functions/checkIfEmailExists","type":"CREATE_FUNCTION","request":{"@type":"type.googleapis.com/google.cloud.functions.v1.CloudFunction","name":"projects/onlinebeautyapp-e572d/locations/us-central1/functions/checkIfEmailExists","httpsTrigger":{"securityLevel":"SECURE_ALWAYS"},"entryPoint":"checkIfEmailExists","labels":{"deployment-tool":"cli-firebase","deployment-callable":"true","firebase-functions-hash":"1f097dc6b734ab3771f8abfb09d44060ddde2624"},"sourceUploadUrl":"https://storage.googleapis.com/uploads-678197337532.us-central1.cloudfunctions.appspot.com/e4f85956-7c15-4c2d-8605-044471782dad.zip?GoogleAccessId=service-796785992105@gcf-admin-robot.iam.gserviceaccount.com&Expires=1723155963&Signature=ONot4lB8eXHlfjoGADWHzTRoQM23hZPrsI8oMJ8lD%2BwRIl2rLsMo4AVZlA5Ug22wWJc9wVQBBJK06fjjvnD7bp2%2FntrBCWHM1Kbj8rWCBcJps%2FGOShnjv2Smxey9LHOJIJ9kkHpnlinc%2BFA1Sm2hMzKFK0H860OAYT8uhETF3swvgsv6mFjHZn63EiaTPfjm%2FiwQxhsZqUyFC6IVr4fVQYgSgjPerWQMjUyJJ1I5HIWk6TnN%2F1tgzdmgR14kpO74aQAOj603bnz6R8NibZP5CjoMKYnPeLbRMOBUeb6x5jNCmH2uEJ6u6A08jtcp6kv6Js0h4V0d5rL5kKaaHNsyRg%3D%3D","environmentVariables":{"FIREBASE_CONFIG":"{\"projectId\":\"onlinebeautyapp-e572d\",\"storageBucket\":\"onlinebeautyapp-e572d.appspot.com\"}","GCLOUD_PROJECT":"onlinebeautyapp-e572d","EVENTARC_CLOUD_EVENT_SOURCE":"projects/onlinebeautyapp-e572d/locations/us-central1/functions/checkIfEmailExists"},"runtime":"nodejs20","buildEnvironmentVariables":{"GOOGLE_NODE_RUN_SCRIPTS":""},"dockerRegistry":"ARTIFACT_REGISTRY"},"versionId":"1","updateTime":"2024-08-08T21:56:05Z","buildId":"2b39981a-9901-4d6b-ae6e-1137a5c06903","buildName":"projects/796785992105/locations/us-central1/builds/2b39981a-9901-4d6b-ae6e-1137a5c06903"}}
[debug] [2024-08-08T21:56:53.653Z] [create-default-us-central1-checkIfEmailExists] Retrying task index 0
[debug] [2024-08-08T21:56:53.654Z] >>> [apiv2][query] GET https://cloudfunctions.googleapis.com/v1/operations/b25saW5lYmVhdXR5YXBwLWU1NzJkL3VzLWNlbnRyYWwxL2NoZWNrSWZFbWFpbEV4aXN0cy90MndUZFZmMm16Yw [none]
[debug] [2024-08-08T21:56:54.066Z] <<< [apiv2][status] GET https://cloudfunctions.googleapis.com/v1/operations/b25saW5lYmVhdXR5YXBwLWU1NzJkL3VzLWNlbnRyYWwxL2NoZWNrSWZFbWFpbEV4aXN0cy90MndUZFZmMm16Yw 200
[debug] [2024-08-08T21:56:54.066Z] <<< [apiv2][body] GET https://cloudfunctions.googleapis.com/v1/operations/b25saW5lYmVhdXR5YXBwLWU1NzJkL3VzLWNlbnRyYWwxL2NoZWNrSWZFbWFpbEV4aXN0cy90MndUZFZmMm16Yw {"name":"operations/b25saW5lYmVhdXR5YXBwLWU1NzJkL3VzLWNlbnRyYWwxL2NoZWNrSWZFbWFpbEV4aXN0cy90MndUZFZmMm16Yw","metadata":{"@type":"type.googleapis.com/google.cloud.functions.v1.OperationMetadataV1","target":"projects/onlinebeautyapp-e572d/locations/us-central1/functions/checkIfEmailExists","type":"CREATE_FUNCTION","request":{"@type":"type.googleapis.com/google.cloud.functions.v1.CloudFunction","name":"projects/onlinebeautyapp-e572d/locations/us-central1/functions/checkIfEmailExists","httpsTrigger":{"securityLevel":"SECURE_ALWAYS"},"entryPoint":"checkIfEmailExists","labels":{"deployment-tool":"cli-firebase","deployment-callable":"true","firebase-functions-hash":"1f097dc6b734ab3771f8abfb09d44060ddde2624"},"sourceUploadUrl":"https://storage.googleapis.com/uploads-678197337532.us-central1.cloudfunctions.appspot.com/e4f85956-7c15-4c2d-8605-044471782dad.zip?GoogleAccessId=service-796785992105@gcf-admin-robot.iam.gserviceaccount.com&Expires=1723155963&Signature=ONot4lB8eXHlfjoGADWHzTRoQM23hZPrsI8oMJ8lD%2BwRIl2rLsMo4AVZlA5Ug22wWJc9wVQBBJK06fjjvnD7bp2%2FntrBCWHM1Kbj8rWCBcJps%2FGOShnjv2Smxey9LHOJIJ9kkHpnlinc%2BFA1Sm2hMzKFK0H860OAYT8uhETF3swvgsv6mFjHZn63EiaTPfjm%2FiwQxhsZqUyFC6IVr4fVQYgSgjPerWQMjUyJJ1I5HIWk6TnN%2F1tgzdmgR14kpO74aQAOj603bnz6R8NibZP5CjoMKYnPeLbRMOBUeb6x5jNCmH2uEJ6u6A08jtcp6kv6Js0h4V0d5rL5kKaaHNsyRg%3D%3D","environmentVariables":{"FIREBASE_CONFIG":"{\"projectId\":\"onlinebeautyapp-e572d\",\"storageBucket\":\"onlinebeautyapp-e572d.appspot.com\"}","GCLOUD_PROJECT":"onlinebeautyapp-e572d","EVENTARC_CLOUD_EVENT_SOURCE":"projects/onlinebeautyapp-e572d/locations/us-central1/functions/checkIfEmailExists"},"runtime":"nodejs20","buildEnvironmentVariables":{"GOOGLE_NODE_RUN_SCRIPTS":""},"dockerRegistry":"ARTIFACT_REGISTRY"},"versionId":"1","updateTime":"2024-08-08T21:56:05Z","buildId":"2b39981a-9901-4d6b-ae6e-1137a5c06903","buildName":"projects/796785992105/locations/us-central1/builds/2b39981a-9901-4d6b-ae6e-1137a5c06903"}}
[debug] [2024-08-08T21:57:04.072Z] [create-default-us-central1-checkIfEmailExists] Retrying task index 0
[debug] [2024-08-08T21:57:04.073Z] >>> [apiv2][query] GET https://cloudfunctions.googleapis.com/v1/operations/b25saW5lYmVhdXR5YXBwLWU1NzJkL3VzLWNlbnRyYWwxL2NoZWNrSWZFbWFpbEV4aXN0cy90MndUZFZmMm16Yw [none]
[debug] [2024-08-08T21:57:04.489Z] <<< [apiv2][status] GET https://cloudfunctions.googleapis.com/v1/operations/b25saW5lYmVhdXR5YXBwLWU1NzJkL3VzLWNlbnRyYWwxL2NoZWNrSWZFbWFpbEV4aXN0cy90MndUZFZmMm16Yw 200
[debug] [2024-08-08T21:57:04.490Z] <<< [apiv2][body] GET https://cloudfunctions.googleapis.com/v1/operations/b25saW5lYmVhdXR5YXBwLWU1NzJkL3VzLWNlbnRyYWwxL2NoZWNrSWZFbWFpbEV4aXN0cy90MndUZFZmMm16Yw {"name":"operations/b25saW5lYmVhdXR5YXBwLWU1NzJkL3VzLWNlbnRyYWwxL2NoZWNrSWZFbWFpbEV4aXN0cy90MndUZFZmMm16Yw","metadata":{"@type":"type.googleapis.com/google.cloud.functions.v1.OperationMetadataV1","target":"projects/onlinebeautyapp-e572d/locations/us-central1/functions/checkIfEmailExists","type":"CREATE_FUNCTION","request":{"@type":"type.googleapis.com/google.cloud.functions.v1.CloudFunction","name":"projects/onlinebeautyapp-e572d/locations/us-central1/functions/checkIfEmailExists","httpsTrigger":{"securityLevel":"SECURE_ALWAYS"},"entryPoint":"checkIfEmailExists","labels":{"deployment-tool":"cli-firebase","deployment-callable":"true","firebase-functions-hash":"1f097dc6b734ab3771f8abfb09d44060ddde2624"},"sourceUploadUrl":"https://storage.googleapis.com/uploads-678197337532.us-central1.cloudfunctions.appspot.com/e4f85956-7c15-4c2d-8605-044471782dad.zip?GoogleAccessId=service-796785992105@gcf-admin-robot.iam.gserviceaccount.com&Expires=1723155963&Signature=ONot4lB8eXHlfjoGADWHzTRoQM23hZPrsI8oMJ8lD%2BwRIl2rLsMo4AVZlA5Ug22wWJc9wVQBBJK06fjjvnD7bp2%2FntrBCWHM1Kbj8rWCBcJps%2FGOShnjv2Smxey9LHOJIJ9kkHpnlinc%2BFA1Sm2hMzKFK0H860OAYT8uhETF3swvgsv6mFjHZn63EiaTPfjm%2FiwQxhsZqUyFC6IVr4fVQYgSgjPerWQMjUyJJ1I5HIWk6TnN%2F1tgzdmgR14kpO74aQAOj603bnz6R8NibZP5CjoMKYnPeLbRMOBUeb6x5jNCmH2uEJ6u6A08jtcp6kv6Js0h4V0d5rL5kKaaHNsyRg%3D%3D","environmentVariables":{"FIREBASE_CONFIG":"{\"projectId\":\"onlinebeautyapp-e572d\",\"storageBucket\":\"onlinebeautyapp-e572d.appspot.com\"}","GCLOUD_PROJECT":"onlinebeautyapp-e572d","EVENTARC_CLOUD_EVENT_SOURCE":"projects/onlinebeautyapp-e572d/locations/us-central1/functions/checkIfEmailExists"},"runtime":"nodejs20","buildEnvironmentVariables":{"GOOGLE_NODE_RUN_SCRIPTS":""},"dockerRegistry":"ARTIFACT_REGISTRY"},"versionId":"1","updateTime":"2024-08-08T21:56:05Z","buildId":"2b39981a-9901-4d6b-ae6e-1137a5c06903","buildName":"projects/796785992105/locations/us-central1/builds/2b39981a-9901-4d6b-ae6e-1137a5c06903"}}
[debug] [2024-08-08T21:57:14.495Z] [create-default-us-central1-checkIfEmailExists] Retrying task index 0
[debug] [2024-08-08T21:57:14.497Z] >>> [apiv2][query] GET https://cloudfunctions.googleapis.com/v1/operations/b25saW5lYmVhdXR5YXBwLWU1NzJkL3VzLWNlbnRyYWwxL2NoZWNrSWZFbWFpbEV4aXN0cy90MndUZFZmMm16Yw [none]
[debug] [2024-08-08T21:57:14.914Z] <<< [apiv2][status] GET https://cloudfunctions.googleapis.com/v1/operations/b25saW5lYmVhdXR5YXBwLWU1NzJkL3VzLWNlbnRyYWwxL2NoZWNrSWZFbWFpbEV4aXN0cy90MndUZFZmMm16Yw 200
[debug] [2024-08-08T21:57:14.915Z] <<< [apiv2][body] GET https://cloudfunctions.googleapis.com/v1/operations/b25saW5lYmVhdXR5YXBwLWU1NzJkL3VzLWNlbnRyYWwxL2NoZWNrSWZFbWFpbEV4aXN0cy90MndUZFZmMm16Yw {"name":"operations/b25saW5lYmVhdXR5YXBwLWU1NzJkL3VzLWNlbnRyYWwxL2NoZWNrSWZFbWFpbEV4aXN0cy90MndUZFZmMm16Yw","metadata":{"@type":"type.googleapis.com/google.cloud.functions.v1.OperationMetadataV1","target":"projects/onlinebeautyapp-e572d/locations/us-central1/functions/checkIfEmailExists","type":"CREATE_FUNCTION","request":{"@type":"type.googleapis.com/google.cloud.functions.v1.CloudFunction","name":"projects/onlinebeautyapp-e572d/locations/us-central1/functions/checkIfEmailExists","httpsTrigger":{"securityLevel":"SECURE_ALWAYS"},"entryPoint":"checkIfEmailExists","labels":{"deployment-tool":"cli-firebase","deployment-callable":"true","firebase-functions-hash":"1f097dc6b734ab3771f8abfb09d44060ddde2624"},"sourceUploadUrl":"https://storage.googleapis.com/uploads-678197337532.us-central1.cloudfunctions.appspot.com/e4f85956-7c15-4c2d-8605-044471782dad.zip?GoogleAccessId=service-796785992105@gcf-admin-robot.iam.gserviceaccount.com&Expires=1723155963&Signature=ONot4lB8eXHlfjoGADWHzTRoQM23hZPrsI8oMJ8lD%2BwRIl2rLsMo4AVZlA5Ug22wWJc9wVQBBJK06fjjvnD7bp2%2FntrBCWHM1Kbj8rWCBcJps%2FGOShnjv2Smxey9LHOJIJ9kkHpnlinc%2BFA1Sm2hMzKFK0H860OAYT8uhETF3swvgsv6mFjHZn63EiaTPfjm%2FiwQxhsZqUyFC6IVr4fVQYgSgjPerWQMjUyJJ1I5HIWk6TnN%2F1tgzdmgR14kpO74aQAOj603bnz6R8NibZP5CjoMKYnPeLbRMOBUeb6x5jNCmH2uEJ6u6A08jtcp6kv6Js0h4V0d5rL5kKaaHNsyRg%3D%3D","environmentVariables":{"FIREBASE_CONFIG":"{\"projectId\":\"onlinebeautyapp-e572d\",\"storageBucket\":\"onlinebeautyapp-e572d.appspot.com\"}","GCLOUD_PROJECT":"onlinebeautyapp-e572d","EVENTARC_CLOUD_EVENT_SOURCE":"projects/onlinebeautyapp-e572d/locations/us-central1/functions/checkIfEmailExists"},"runtime":"nodejs20","buildEnvironmentVariables":{"GOOGLE_NODE_RUN_SCRIPTS":""},"dockerRegistry":"ARTIFACT_REGISTRY"},"versionId":"1","updateTime":"2024-08-08T21:56:05Z","buildId":"2b39981a-9901-4d6b-ae6e-1137a5c06903","sourceToken":"603fe8f2-1bbb-4528-b785-04266a95979a","buildName":"projects/796785992105/locations/us-central1/builds/2b39981a-9901-4d6b-ae6e-1137a5c06903"}}
[debug] [2024-08-08T21:57:14.915Z] Got source token 603fe8f2-1bbb-4528-b785-04266a95979a for region us-central1
[debug] [2024-08-08T21:57:14.917Z] >>> [apiv2][query] PATCH https://cloudfunctions.googleapis.com/v1/projects/onlinebeautyapp-e572d/locations/us-central1/functions/sendVerificationCode updateMask=name%2CsourceUploadUrl%2CentryPoint%2Cruntime%2CdockerRegistry%2Clabels%2ChttpsTrigger.securityLevel%2CminInstances%2CmaxInstances%2CingressSettings%2CenvironmentVariables%2CserviceAccountEmail%2CavailableMemoryMb%2Ctimeout%2CvpcConnector%2CvpcConnectorEgressSettings%2CsourceToken%2CbuildEnvironmentVariables
[debug] [2024-08-08T21:57:14.917Z] >>> [apiv2][body] PATCH https://cloudfunctions.googleapis.com/v1/projects/onlinebeautyapp-e572d/locations/us-central1/functions/sendVerificationCode {"name":"projects/onlinebeautyapp-e572d/locations/us-central1/functions/sendVerificationCode","sourceUploadUrl":"https://storage.googleapis.com/uploads-678197337532.us-central1.cloudfunctions.appspot.com/e4f85956-7c15-4c2d-8605-044471782dad.zip?GoogleAccessId=service-796785992105@gcf-admin-robot.iam.gserviceaccount.com&Expires=1723155963&Signature=ONot4lB8eXHlfjoGADWHzTRoQM23hZPrsI8oMJ8lD%2BwRIl2rLsMo4AVZlA5Ug22wWJc9wVQBBJK06fjjvnD7bp2%2FntrBCWHM1Kbj8rWCBcJps%2FGOShnjv2Smxey9LHOJIJ9kkHpnlinc%2BFA1Sm2hMzKFK0H860OAYT8uhETF3swvgsv6mFjHZn63EiaTPfjm%2FiwQxhsZqUyFC6IVr4fVQYgSgjPerWQMjUyJJ1I5HIWk6TnN%2F1tgzdmgR14kpO74aQAOj603bnz6R8NibZP5CjoMKYnPeLbRMOBUeb6x5jNCmH2uEJ6u6A08jtcp6kv6Js0h4V0d5rL5kKaaHNsyRg%3D%3D","entryPoint":"sendVerificationCode","runtime":"nodejs20","dockerRegistry":"ARTIFACT_REGISTRY","labels":{"deployment-tool":"cli-firebase","deployment-callable":"true","firebase-functions-hash":"1f097dc6b734ab3771f8abfb09d44060ddde2624"},"httpsTrigger":{"securityLevel":"SECURE_ALWAYS"},"minInstances":null,"maxInstances":null,"ingressSettings":null,"environmentVariables":{"FIREBASE_CONFIG":"{\"projectId\":\"onlinebeautyapp-e572d\",\"storageBucket\":\"onlinebeautyapp-e572d.appspot.com\"}","GCLOUD_PROJECT":"onlinebeautyapp-e572d","EVENTARC_CLOUD_EVENT_SOURCE":"projects/onlinebeautyapp-e572d/locations/us-central1/functions/sendVerificationCode"},"serviceAccountEmail":null,"availableMemoryMb":null,"timeout":null,"vpcConnector":null,"vpcConnectorEgressSettings":null,"sourceToken":"603fe8f2-1bbb-4528-b785-04266a95979a","buildEnvironmentVariables":{"GOOGLE_NODE_RUN_SCRIPTS":""}}
[debug] [2024-08-08T21:57:15.633Z] <<< [apiv2][status] PATCH https://cloudfunctions.googleapis.com/v1/projects/onlinebeautyapp-e572d/locations/us-central1/functions/sendVerificationCode 200
[debug] [2024-08-08T21:57:15.634Z] <<< [apiv2][body] PATCH https://cloudfunctions.googleapis.com/v1/projects/onlinebeautyapp-e572d/locations/us-central1/functions/sendVerificationCode {"name":"operations/b25saW5lYmVhdXR5YXBwLWU1NzJkL3VzLWNlbnRyYWwxL3NlbmRWZXJpZmljYXRpb25Db2RlLzRKQnVSRWlNSnhJ","metadata":{"@type":"type.googleapis.com/google.cloud.functions.v1.OperationMetadataV1","target":"projects/onlinebeautyapp-e572d/locations/us-central1/functions/sendVerificationCode","type":"UPDATE_FUNCTION","request":{"@type":"type.googleapis.com/google.cloud.functions.v1.CloudFunction","name":"projects/onlinebeautyapp-e572d/locations/us-central1/functions/sendVerificationCode","httpsTrigger":{"url":"https://us-central1-onlinebeautyapp-e572d.cloudfunctions.net/sendVerificationCode","securityLevel":"SECURE_ALWAYS"},"status":"ACTIVE","entryPoint":"sendVerificationCode","updateTime":"2024-08-08T21:09:32.819Z","versionId":"1","labels":{"deployment-tool":"cli-firebase","deployment-callable":"true","firebase-functions-hash":"1f097dc6b734ab3771f8abfb09d44060ddde2624"},"sourceUploadUrl":"https://storage.googleapis.com/uploads-678197337532.us-central1.cloudfunctions.appspot.com/e4f85956-7c15-4c2d-8605-044471782dad.zip?GoogleAccessId=service-796785992105@gcf-admin-robot.iam.gserviceaccount.com&Expires=1723155963&Signature=ONot4lB8eXHlfjoGADWHzTRoQM23hZPrsI8oMJ8lD%2BwRIl2rLsMo4AVZlA5Ug22wWJc9wVQBBJK06fjjvnD7bp2%2FntrBCWHM1Kbj8rWCBcJps%2FGOShnjv2Smxey9LHOJIJ9kkHpnlinc%2BFA1Sm2hMzKFK0H860OAYT8uhETF3swvgsv6mFjHZn63EiaTPfjm%2FiwQxhsZqUyFC6IVr4fVQYgSgjPerWQMjUyJJ1I5HIWk6TnN%2F1tgzdmgR14kpO74aQAOj603bnz6R8NibZP5CjoMKYnPeLbRMOBUeb6x5jNCmH2uEJ6u6A08jtcp6kv6Js0h4V0d5rL5kKaaHNsyRg%3D%3D","environmentVariables":{"FIREBASE_CONFIG":"{\"projectId\":\"onlinebeautyapp-e572d\",\"storageBucket\":\"onlinebeautyapp-e572d.appspot.com\"}","GCLOUD_PROJECT":"onlinebeautyapp-e572d","EVENTARC_CLOUD_EVENT_SOURCE":"projects/onlinebeautyapp-e572d/locations/us-central1/functions/sendVerificationCode"},"runtime":"nodejs20","buildId":"702cb944-6bce-40d0-af90-6148f7bc3726","buildEnvironmentVariables":{"GOOGLE_NODE_RUN_SCRIPTS":""},"sourceToken":"603fe8f2-1bbb-4528-b785-04266a95979a","buildName":"projects/796785992105/locations/us-central1/builds/702cb944-6bce-40d0-af90-6148f7bc3726","dockerRegistry":"ARTIFACT_REGISTRY","automaticUpdatePolicy":{},"buildServiceAccount":"796785992105-compute@developer.gserviceaccount.com"},"versionId":"2","updateTime":"2024-08-08T21:57:15Z","sourceToken":"603fe8f2-1bbb-4528-b785-04266a95979a"}}
[debug] [2024-08-08T21:57:15.634Z] >>> [apiv2][query] GET https://cloudfunctions.googleapis.com/v1/operations/b25saW5lYmVhdXR5YXBwLWU1NzJkL3VzLWNlbnRyYWwxL3NlbmRWZXJpZmljYXRpb25Db2RlLzRKQnVSRWlNSnhJ [none]
[debug] [2024-08-08T21:57:16.029Z] <<< [apiv2][status] GET https://cloudfunctions.googleapis.com/v1/operations/b25saW5lYmVhdXR5YXBwLWU1NzJkL3VzLWNlbnRyYWwxL3NlbmRWZXJpZmljYXRpb25Db2RlLzRKQnVSRWlNSnhJ 200
[debug] [2024-08-08T21:57:16.029Z] <<< [apiv2][body] GET https://cloudfunctions.googleapis.com/v1/operations/b25saW5lYmVhdXR5YXBwLWU1NzJkL3VzLWNlbnRyYWwxL3NlbmRWZXJpZmljYXRpb25Db2RlLzRKQnVSRWlNSnhJ {"name":"operations/b25saW5lYmVhdXR5YXBwLWU1NzJkL3VzLWNlbnRyYWwxL3NlbmRWZXJpZmljYXRpb25Db2RlLzRKQnVSRWlNSnhJ","metadata":{"@type":"type.googleapis.com/google.cloud.functions.v1.OperationMetadataV1","target":"projects/onlinebeautyapp-e572d/locations/us-central1/functions/sendVerificationCode","type":"UPDATE_FUNCTION","request":{"@type":"type.googleapis.com/google.cloud.functions.v1.CloudFunction","name":"projects/onlinebeautyapp-e572d/locations/us-central1/functions/sendVerificationCode","httpsTrigger":{"url":"https://us-central1-onlinebeautyapp-e572d.cloudfunctions.net/sendVerificationCode","securityLevel":"SECURE_ALWAYS"},"status":"ACTIVE","entryPoint":"sendVerificationCode","updateTime":"2024-08-08T21:09:32.819Z","versionId":"1","labels":{"deployment-tool":"cli-firebase","deployment-callable":"true","firebase-functions-hash":"1f097dc6b734ab3771f8abfb09d44060ddde2624"},"sourceUploadUrl":"https://storage.googleapis.com/uploads-678197337532.us-central1.cloudfunctions.appspot.com/e4f85956-7c15-4c2d-8605-044471782dad.zip?GoogleAccessId=service-796785992105@gcf-admin-robot.iam.gserviceaccount.com&Expires=1723155963&Signature=ONot4lB8eXHlfjoGADWHzTRoQM23hZPrsI8oMJ8lD%2BwRIl2rLsMo4AVZlA5Ug22wWJc9wVQBBJK06fjjvnD7bp2%2FntrBCWHM1Kbj8rWCBcJps%2FGOShnjv2Smxey9LHOJIJ9kkHpnlinc%2BFA1Sm2hMzKFK0H860OAYT8uhETF3swvgsv6mFjHZn63EiaTPfjm%2FiwQxhsZqUyFC6IVr4fVQYgSgjPerWQMjUyJJ1I5HIWk6TnN%2F1tgzdmgR14kpO74aQAOj603bnz6R8NibZP5CjoMKYnPeLbRMOBUeb6x5jNCmH2uEJ6u6A08jtcp6kv6Js0h4V0d5rL5kKaaHNsyRg%3D%3D","environmentVariables":{"FIREBASE_CONFIG":"{\"projectId\":\"onlinebeautyapp-e572d\",\"storageBucket\":\"onlinebeautyapp-e572d.appspot.com\"}","GCLOUD_PROJECT":"onlinebeautyapp-e572d","EVENTARC_CLOUD_EVENT_SOURCE":"projects/onlinebeautyapp-e572d/locations/us-central1/functions/sendVerificationCode"},"runtime":"nodejs20","buildId":"702cb944-6bce-40d0-af90-6148f7bc3726","buildEnvironmentVariables":{"GOOGLE_NODE_RUN_SCRIPTS":""},"sourceToken":"603fe8f2-1bbb-4528-b785-04266a95979a","buildName":"projects/796785992105/locations/us-central1/builds/702cb944-6bce-40d0-af90-6148f7bc3726","dockerRegistry":"ARTIFACT_REGISTRY","automaticUpdatePolicy":{},"buildServiceAccount":"796785992105-compute@developer.gserviceaccount.com"},"versionId":"2","updateTime":"2024-08-08T21:57:16Z","sourceToken":"603fe8f2-1bbb-4528-b785-04266a95979a"}}
[debug] [2024-08-08T21:57:16.029Z] Got source token 603fe8f2-1bbb-4528-b785-04266a95979a for region us-central1
[debug] [2024-08-08T21:57:16.532Z] [update-default-us-central1-sendVerificationCode] Retrying task index 0
[debug] [2024-08-08T21:57:16.533Z] >>> [apiv2][query] GET https://cloudfunctions.googleapis.com/v1/operations/b25saW5lYmVhdXR5YXBwLWU1NzJkL3VzLWNlbnRyYWwxL3NlbmRWZXJpZmljYXRpb25Db2RlLzRKQnVSRWlNSnhJ [none]
[debug] [2024-08-08T21:57:16.788Z] <<< [apiv2][status] GET https://cloudfunctions.googleapis.com/v1/operations/b25saW5lYmVhdXR5YXBwLWU1NzJkL3VzLWNlbnRyYWwxL3NlbmRWZXJpZmljYXRpb25Db2RlLzRKQnVSRWlNSnhJ 200
[debug] [2024-08-08T21:57:16.788Z] <<< [apiv2][body] GET https://cloudfunctions.googleapis.com/v1/operations/b25saW5lYmVhdXR5YXBwLWU1NzJkL3VzLWNlbnRyYWwxL3NlbmRWZXJpZmljYXRpb25Db2RlLzRKQnVSRWlNSnhJ {"name":"operations/b25saW5lYmVhdXR5YXBwLWU1NzJkL3VzLWNlbnRyYWwxL3NlbmRWZXJpZmljYXRpb25Db2RlLzRKQnVSRWlNSnhJ","metadata":{"@type":"type.googleapis.com/google.cloud.functions.v1.OperationMetadataV1","target":"projects/onlinebeautyapp-e572d/locations/us-central1/functions/sendVerificationCode","type":"UPDATE_FUNCTION","request":{"@type":"type.googleapis.com/google.cloud.functions.v1.CloudFunction","name":"projects/onlinebeautyapp-e572d/locations/us-central1/functions/sendVerificationCode","httpsTrigger":{"url":"https://us-central1-onlinebeautyapp-e572d.cloudfunctions.net/sendVerificationCode","securityLevel":"SECURE_ALWAYS"},"status":"ACTIVE","entryPoint":"sendVerificationCode","updateTime":"2024-08-08T21:09:32.819Z","versionId":"1","labels":{"deployment-tool":"cli-firebase","deployment-callable":"true","firebase-functions-hash":"1f097dc6b734ab3771f8abfb09d44060ddde2624"},"sourceUploadUrl":"https://storage.googleapis.com/uploads-678197337532.us-central1.cloudfunctions.appspot.com/e4f85956-7c15-4c2d-8605-044471782dad.zip?GoogleAccessId=service-796785992105@gcf-admin-robot.iam.gserviceaccount.com&Expires=1723155963&Signature=ONot4lB8eXHlfjoGADWHzTRoQM23hZPrsI8oMJ8lD%2BwRIl2rLsMo4AVZlA5Ug22wWJc9wVQBBJK06fjjvnD7bp2%2FntrBCWHM1Kbj8rWCBcJps%2FGOShnjv2Smxey9LHOJIJ9kkHpnlinc%2BFA1Sm2hMzKFK0H860OAYT8uhETF3swvgsv6mFjHZn63EiaTPfjm%2FiwQxhsZqUyFC6IVr4fVQYgSgjPerWQMjUyJJ1I5HIWk6TnN%2F1tgzdmgR14kpO74aQAOj603bnz6R8NibZP5CjoMKYnPeLbRMOBUeb6x5jNCmH2uEJ6u6A08jtcp6kv6Js0h4V0d5rL5kKaaHNsyRg%3D%3D","environmentVariables":{"FIREBASE_CONFIG":"{\"projectId\":\"onlinebeautyapp-e572d\",\"storageBucket\":\"onlinebeautyapp-e572d.appspot.com\"}","GCLOUD_PROJECT":"onlinebeautyapp-e572d","EVENTARC_CLOUD_EVENT_SOURCE":"projects/onlinebeautyapp-e572d/locations/us-central1/functions/sendVerificationCode"},"runtime":"nodejs20","buildId":"702cb944-6bce-40d0-af90-6148f7bc3726","buildEnvironmentVariables":{"GOOGLE_NODE_RUN_SCRIPTS":""},"sourceToken":"603fe8f2-1bbb-4528-b785-04266a95979a","buildName":"projects/796785992105/locations/us-central1/builds/702cb944-6bce-40d0-af90-6148f7bc3726","dockerRegistry":"ARTIFACT_REGISTRY","automaticUpdatePolicy":{},"buildServiceAccount":"796785992105-compute@developer.gserviceaccount.com"},"versionId":"2","updateTime":"2024-08-08T21:57:16Z","sourceToken":"603fe8f2-1bbb-4528-b785-04266a95979a"}}
[debug] [2024-08-08T21:57:16.789Z] Got source token 603fe8f2-1bbb-4528-b785-04266a95979a for region us-central1
[debug] [2024-08-08T21:57:17.797Z] [update-default-us-central1-sendVerificationCode] Retrying task index 0
[debug] [2024-08-08T21:57:17.798Z] >>> [apiv2][query] GET https://cloudfunctions.googleapis.com/v1/operations/b25saW5lYmVhdXR5YXBwLWU1NzJkL3VzLWNlbnRyYWwxL3NlbmRWZXJpZmljYXRpb25Db2RlLzRKQnVSRWlNSnhJ [none]
[debug] [2024-08-08T21:57:18.168Z] <<< [apiv2][status] GET https://cloudfunctions.googleapis.com/v1/operations/b25saW5lYmVhdXR5YXBwLWU1NzJkL3VzLWNlbnRyYWwxL3NlbmRWZXJpZmljYXRpb25Db2RlLzRKQnVSRWlNSnhJ 200
[debug] [2024-08-08T21:57:18.168Z] <<< [apiv2][body] GET https://cloudfunctions.googleapis.com/v1/operations/b25saW5lYmVhdXR5YXBwLWU1NzJkL3VzLWNlbnRyYWwxL3NlbmRWZXJpZmljYXRpb25Db2RlLzRKQnVSRWlNSnhJ {"name":"operations/b25saW5lYmVhdXR5YXBwLWU1NzJkL3VzLWNlbnRyYWwxL3NlbmRWZXJpZmljYXRpb25Db2RlLzRKQnVSRWlNSnhJ","metadata":{"@type":"type.googleapis.com/google.cloud.functions.v1.OperationMetadataV1","target":"projects/onlinebeautyapp-e572d/locations/us-central1/functions/sendVerificationCode","type":"UPDATE_FUNCTION","request":{"@type":"type.googleapis.com/google.cloud.functions.v1.CloudFunction","name":"projects/onlinebeautyapp-e572d/locations/us-central1/functions/sendVerificationCode","httpsTrigger":{"url":"https://us-central1-onlinebeautyapp-e572d.cloudfunctions.net/sendVerificationCode","securityLevel":"SECURE_ALWAYS"},"status":"ACTIVE","entryPoint":"sendVerificationCode","updateTime":"2024-08-08T21:09:32.819Z","versionId":"1","labels":{"deployment-tool":"cli-firebase","deployment-callable":"true","firebase-functions-hash":"1f097dc6b734ab3771f8abfb09d44060ddde2624"},"sourceUploadUrl":"https://storage.googleapis.com/uploads-678197337532.us-central1.cloudfunctions.appspot.com/e4f85956-7c15-4c2d-8605-044471782dad.zip?GoogleAccessId=service-796785992105@gcf-admin-robot.iam.gserviceaccount.com&Expires=1723155963&Signature=ONot4lB8eXHlfjoGADWHzTRoQM23hZPrsI8oMJ8lD%2BwRIl2rLsMo4AVZlA5Ug22wWJc9wVQBBJK06fjjvnD7bp2%2FntrBCWHM1Kbj8rWCBcJps%2FGOShnjv2Smxey9LHOJIJ9kkHpnlinc%2BFA1Sm2hMzKFK0H860OAYT8uhETF3swvgsv6mFjHZn63EiaTPfjm%2FiwQxhsZqUyFC6IVr4fVQYgSgjPerWQMjUyJJ1I5HIWk6TnN%2F1tgzdmgR14kpO74aQAOj603bnz6R8NibZP5CjoMKYnPeLbRMOBUeb6x5jNCmH2uEJ6u6A08jtcp6kv6Js0h4V0d5rL5kKaaHNsyRg%3D%3D","environmentVariables":{"FIREBASE_CONFIG":"{\"projectId\":\"onlinebeautyapp-e572d\",\"storageBucket\":\"onlinebeautyapp-e572d.appspot.com\"}","GCLOUD_PROJECT":"onlinebeautyapp-e572d","EVENTARC_CLOUD_EVENT_SOURCE":"projects/onlinebeautyapp-e572d/locations/us-central1/functions/sendVerificationCode"},"runtime":"nodejs20","buildId":"702cb944-6bce-40d0-af90-6148f7bc3726","buildEnvironmentVariables":{"GOOGLE_NODE_RUN_SCRIPTS":""},"sourceToken":"603fe8f2-1bbb-4528-b785-04266a95979a","buildName":"projects/796785992105/locations/us-central1/builds/702cb944-6bce-40d0-af90-6148f7bc3726","dockerRegistry":"ARTIFACT_REGISTRY","automaticUpdatePolicy":{},"buildServiceAccount":"796785992105-compute@developer.gserviceaccount.com"},"versionId":"2","updateTime":"2024-08-08T21:57:16Z","buildId":"2b39981a-9901-4d6b-ae6e-1137a5c06903","sourceToken":"603fe8f2-1bbb-4528-b785-04266a95979a","buildName":"projects/796785992105/locations/us-central1/builds/2b39981a-9901-4d6b-ae6e-1137a5c06903"}}
[debug] [2024-08-08T21:57:18.168Z] Got source token 603fe8f2-1bbb-4528-b785-04266a95979a for region us-central1
[debug] [2024-08-08T21:57:20.178Z] [update-default-us-central1-sendVerificationCode] Retrying task index 0
[debug] [2024-08-08T21:57:20.179Z] >>> [apiv2][query] GET https://cloudfunctions.googleapis.com/v1/operations/b25saW5lYmVhdXR5YXBwLWU1NzJkL3VzLWNlbnRyYWwxL3NlbmRWZXJpZmljYXRpb25Db2RlLzRKQnVSRWlNSnhJ [none]
[debug] [2024-08-08T21:57:20.531Z] <<< [apiv2][status] GET https://cloudfunctions.googleapis.com/v1/operations/b25saW5lYmVhdXR5YXBwLWU1NzJkL3VzLWNlbnRyYWwxL3NlbmRWZXJpZmljYXRpb25Db2RlLzRKQnVSRWlNSnhJ 200
[debug] [2024-08-08T21:57:20.531Z] <<< [apiv2][body] GET https://cloudfunctions.googleapis.com/v1/operations/b25saW5lYmVhdXR5YXBwLWU1NzJkL3VzLWNlbnRyYWwxL3NlbmRWZXJpZmljYXRpb25Db2RlLzRKQnVSRWlNSnhJ {"name":"operations/b25saW5lYmVhdXR5YXBwLWU1NzJkL3VzLWNlbnRyYWwxL3NlbmRWZXJpZmljYXRpb25Db2RlLzRKQnVSRWlNSnhJ","metadata":{"@type":"type.googleapis.com/google.cloud.functions.v1.OperationMetadataV1","target":"projects/onlinebeautyapp-e572d/locations/us-central1/functions/sendVerificationCode","type":"UPDATE_FUNCTION","request":{"@type":"type.googleapis.com/google.cloud.functions.v1.CloudFunction","name":"projects/onlinebeautyapp-e572d/locations/us-central1/functions/sendVerificationCode","httpsTrigger":{"url":"https://us-central1-onlinebeautyapp-e572d.cloudfunctions.net/sendVerificationCode","securityLevel":"SECURE_ALWAYS"},"status":"ACTIVE","entryPoint":"sendVerificationCode","updateTime":"2024-08-08T21:09:32.819Z","versionId":"1","labels":{"deployment-tool":"cli-firebase","deployment-callable":"true","firebase-functions-hash":"1f097dc6b734ab3771f8abfb09d44060ddde2624"},"sourceUploadUrl":"https://storage.googleapis.com/uploads-678197337532.us-central1.cloudfunctions.appspot.com/e4f85956-7c15-4c2d-8605-044471782dad.zip?GoogleAccessId=service-796785992105@gcf-admin-robot.iam.gserviceaccount.com&Expires=1723155963&Signature=ONot4lB8eXHlfjoGADWHzTRoQM23hZPrsI8oMJ8lD%2BwRIl2rLsMo4AVZlA5Ug22wWJc9wVQBBJK06fjjvnD7bp2%2FntrBCWHM1Kbj8rWCBcJps%2FGOShnjv2Smxey9LHOJIJ9kkHpnlinc%2BFA1Sm2hMzKFK0H860OAYT8uhETF3swvgsv6mFjHZn63EiaTPfjm%2FiwQxhsZqUyFC6IVr4fVQYgSgjPerWQMjUyJJ1I5HIWk6TnN%2F1tgzdmgR14kpO74aQAOj603bnz6R8NibZP5CjoMKYnPeLbRMOBUeb6x5jNCmH2uEJ6u6A08jtcp6kv6Js0h4V0d5rL5kKaaHNsyRg%3D%3D","environmentVariables":{"FIREBASE_CONFIG":"{\"projectId\":\"onlinebeautyapp-e572d\",\"storageBucket\":\"onlinebeautyapp-e572d.appspot.com\"}","GCLOUD_PROJECT":"onlinebeautyapp-e572d","EVENTARC_CLOUD_EVENT_SOURCE":"projects/onlinebeautyapp-e572d/locations/us-central1/functions/sendVerificationCode"},"runtime":"nodejs20","buildId":"702cb944-6bce-40d0-af90-6148f7bc3726","buildEnvironmentVariables":{"GOOGLE_NODE_RUN_SCRIPTS":""},"sourceToken":"603fe8f2-1bbb-4528-b785-04266a95979a","buildName":"projects/796785992105/locations/us-central1/builds/702cb944-6bce-40d0-af90-6148f7bc3726","dockerRegistry":"ARTIFACT_REGISTRY","automaticUpdatePolicy":{},"buildServiceAccount":"796785992105-compute@developer.gserviceaccount.com"},"versionId":"2","updateTime":"2024-08-08T21:57:16Z","buildId":"2b39981a-9901-4d6b-ae6e-1137a5c06903","sourceToken":"603fe8f2-1bbb-4528-b785-04266a95979a","buildName":"projects/796785992105/locations/us-central1/builds/2b39981a-9901-4d6b-ae6e-1137a5c06903"}}
[debug] [2024-08-08T21:57:20.531Z] Got source token 603fe8f2-1bbb-4528-b785-04266a95979a for region us-central1
[debug] [2024-08-08T21:57:24.540Z] [update-default-us-central1-sendVerificationCode] Retrying task index 0
[debug] [2024-08-08T21:57:24.540Z] >>> [apiv2][query] GET https://cloudfunctions.googleapis.com/v1/operations/b25saW5lYmVhdXR5YXBwLWU1NzJkL3VzLWNlbnRyYWwxL3NlbmRWZXJpZmljYXRpb25Db2RlLzRKQnVSRWlNSnhJ [none]
[debug] [2024-08-08T21:57:24.905Z] <<< [apiv2][status] GET https://cloudfunctions.googleapis.com/v1/operations/b25saW5lYmVhdXR5YXBwLWU1NzJkL3VzLWNlbnRyYWwxL3NlbmRWZXJpZmljYXRpb25Db2RlLzRKQnVSRWlNSnhJ 200
[debug] [2024-08-08T21:57:24.905Z] <<< [apiv2][body] GET https://cloudfunctions.googleapis.com/v1/operations/b25saW5lYmVhdXR5YXBwLWU1NzJkL3VzLWNlbnRyYWwxL3NlbmRWZXJpZmljYXRpb25Db2RlLzRKQnVSRWlNSnhJ {"name":"operations/b25saW5lYmVhdXR5YXBwLWU1NzJkL3VzLWNlbnRyYWwxL3NlbmRWZXJpZmljYXRpb25Db2RlLzRKQnVSRWlNSnhJ","metadata":{"@type":"type.googleapis.com/google.cloud.functions.v1.OperationMetadataV1","target":"projects/onlinebeautyapp-e572d/locations/us-central1/functions/sendVerificationCode","type":"UPDATE_FUNCTION","request":{"@type":"type.googleapis.com/google.cloud.functions.v1.CloudFunction","name":"projects/onlinebeautyapp-e572d/locations/us-central1/functions/sendVerificationCode","httpsTrigger":{"url":"https://us-central1-onlinebeautyapp-e572d.cloudfunctions.net/sendVerificationCode","securityLevel":"SECURE_ALWAYS"},"status":"ACTIVE","entryPoint":"sendVerificationCode","updateTime":"2024-08-08T21:09:32.819Z","versionId":"1","labels":{"deployment-tool":"cli-firebase","deployment-callable":"true","firebase-functions-hash":"1f097dc6b734ab3771f8abfb09d44060ddde2624"},"sourceUploadUrl":"https://storage.googleapis.com/uploads-678197337532.us-central1.cloudfunctions.appspot.com/e4f85956-7c15-4c2d-8605-044471782dad.zip?GoogleAccessId=service-796785992105@gcf-admin-robot.iam.gserviceaccount.com&Expires=1723155963&Signature=ONot4lB8eXHlfjoGADWHzTRoQM23hZPrsI8oMJ8lD%2BwRIl2rLsMo4AVZlA5Ug22wWJc9wVQBBJK06fjjvnD7bp2%2FntrBCWHM1Kbj8rWCBcJps%2FGOShnjv2Smxey9LHOJIJ9kkHpnlinc%2BFA1Sm2hMzKFK0H860OAYT8uhETF3swvgsv6mFjHZn63EiaTPfjm%2FiwQxhsZqUyFC6IVr4fVQYgSgjPerWQMjUyJJ1I5HIWk6TnN%2F1tgzdmgR14kpO74aQAOj603bnz6R8NibZP5CjoMKYnPeLbRMOBUeb6x5jNCmH2uEJ6u6A08jtcp6kv6Js0h4V0d5rL5kKaaHNsyRg%3D%3D","environmentVariables":{"FIREBASE_CONFIG":"{\"projectId\":\"onlinebeautyapp-e572d\",\"storageBucket\":\"onlinebeautyapp-e572d.appspot.com\"}","GCLOUD_PROJECT":"onlinebeautyapp-e572d","EVENTARC_CLOUD_EVENT_SOURCE":"projects/onlinebeautyapp-e572d/locations/us-central1/functions/sendVerificationCode"},"runtime":"nodejs20","buildId":"702cb944-6bce-40d0-af90-6148f7bc3726","buildEnvironmentVariables":{"GOOGLE_NODE_RUN_SCRIPTS":""},"sourceToken":"603fe8f2-1bbb-4528-b785-04266a95979a","buildName":"projects/796785992105/locations/us-central1/builds/702cb944-6bce-40d0-af90-6148f7bc3726","dockerRegistry":"ARTIFACT_REGISTRY","automaticUpdatePolicy":{},"buildServiceAccount":"796785992105-compute@developer.gserviceaccount.com"},"versionId":"2","updateTime":"2024-08-08T21:57:16Z","buildId":"2b39981a-9901-4d6b-ae6e-1137a5c06903","sourceToken":"603fe8f2-1bbb-4528-b785-04266a95979a","buildName":"projects/796785992105/locations/us-central1/builds/2b39981a-9901-4d6b-ae6e-1137a5c06903"}}
[debug] [2024-08-08T21:57:24.905Z] Got source token 603fe8f2-1bbb-4528-b785-04266a95979a for region us-central1
[debug] [2024-08-08T21:57:24.919Z] [create-default-us-central1-checkIfEmailExists] Retrying task index 0
[debug] [2024-08-08T21:57:24.919Z] >>> [apiv2][query] GET https://cloudfunctions.googleapis.com/v1/operations/b25saW5lYmVhdXR5YXBwLWU1NzJkL3VzLWNlbnRyYWwxL2NoZWNrSWZFbWFpbEV4aXN0cy90MndUZFZmMm16Yw [none]
[debug] [2024-08-08T21:57:25.123Z] <<< [apiv2][status] GET https://cloudfunctions.googleapis.com/v1/operations/b25saW5lYmVhdXR5YXBwLWU1NzJkL3VzLWNlbnRyYWwxL2NoZWNrSWZFbWFpbEV4aXN0cy90MndUZFZmMm16Yw 200
[debug] [2024-08-08T21:57:25.124Z] <<< [apiv2][body] GET https://cloudfunctions.googleapis.com/v1/operations/b25saW5lYmVhdXR5YXBwLWU1NzJkL3VzLWNlbnRyYWwxL2NoZWNrSWZFbWFpbEV4aXN0cy90MndUZFZmMm16Yw {"name":"operations/b25saW5lYmVhdXR5YXBwLWU1NzJkL3VzLWNlbnRyYWwxL2NoZWNrSWZFbWFpbEV4aXN0cy90MndUZFZmMm16Yw","metadata":{"@type":"type.googleapis.com/google.cloud.functions.v1.OperationMetadataV1","target":"projects/onlinebeautyapp-e572d/locations/us-central1/functions/checkIfEmailExists","type":"CREATE_FUNCTION","request":{"@type":"type.googleapis.com/google.cloud.functions.v1.CloudFunction","name":"projects/onlinebeautyapp-e572d/locations/us-central1/functions/checkIfEmailExists","httpsTrigger":{"securityLevel":"SECURE_ALWAYS"},"entryPoint":"checkIfEmailExists","labels":{"deployment-tool":"cli-firebase","deployment-callable":"true","firebase-functions-hash":"1f097dc6b734ab3771f8abfb09d44060ddde2624"},"sourceUploadUrl":"https://storage.googleapis.com/uploads-678197337532.us-central1.cloudfunctions.appspot.com/e4f85956-7c15-4c2d-8605-044471782dad.zip?GoogleAccessId=service-796785992105@gcf-admin-robot.iam.gserviceaccount.com&Expires=1723155963&Signature=ONot4lB8eXHlfjoGADWHzTRoQM23hZPrsI8oMJ8lD%2BwRIl2rLsMo4AVZlA5Ug22wWJc9wVQBBJK06fjjvnD7bp2%2FntrBCWHM1Kbj8rWCBcJps%2FGOShnjv2Smxey9LHOJIJ9kkHpnlinc%2BFA1Sm2hMzKFK0H860OAYT8uhETF3swvgsv6mFjHZn63EiaTPfjm%2FiwQxhsZqUyFC6IVr4fVQYgSgjPerWQMjUyJJ1I5HIWk6TnN%2F1tgzdmgR14kpO74aQAOj603bnz6R8NibZP5CjoMKYnPeLbRMOBUeb6x5jNCmH2uEJ6u6A08jtcp6kv6Js0h4V0d5rL5kKaaHNsyRg%3D%3D","environmentVariables":{"FIREBASE_CONFIG":"{\"projectId\":\"onlinebeautyapp-e572d\",\"storageBucket\":\"onlinebeautyapp-e572d.appspot.com\"}","GCLOUD_PROJECT":"onlinebeautyapp-e572d","EVENTARC_CLOUD_EVENT_SOURCE":"projects/onlinebeautyapp-e572d/locations/us-central1/functions/checkIfEmailExists"},"runtime":"nodejs20","buildEnvironmentVariables":{"GOOGLE_NODE_RUN_SCRIPTS":""},"dockerRegistry":"ARTIFACT_REGISTRY"},"versionId":"1","updateTime":"2024-08-08T21:57:24Z","buildId":"2b39981a-9901-4d6b-ae6e-1137a5c06903","sourceToken":"603fe8f2-1bbb-4528-b785-04266a95979a","buildName":"projects/796785992105/locations/us-central1/builds/2b39981a-9901-4d6b-ae6e-1137a5c06903"},"done":true,"error":{"code":3,"message":"Function failed on loading user code. This is likely due to a bug in the user code. Error message: Provided module can't be loaded.\nDid you list all required modules in the package.json dependencies?\nDetailed stack trace: Error: Cannot find module 'nodemailer'\nRequire stack:\n- /workspace/lib/index.js\n- /layers/google.nodejs.functions-framework/functions-framework/node_modules/@google-cloud/functions-framework/build/src/loader.js\n- /layers/google.nodejs.functions-framework/functions-framework/node_modules/@google-cloud/functions-framework/build/src/main.js\n    at Module._resolveFilename (node:internal/modules/cjs/loader:1145:15)\n    at Module._load (node:internal/modules/cjs/loader:986:27)\n    at Module.require (node:internal/modules/cjs/loader:1233:19)\n    at require (node:internal/modules/helpers:179:18)\n    at Object.<anonymous> (/workspace/lib/index.js:23:20)\n    at Module._compile (node:internal/modules/cjs/loader:1358:14)\n    at Module._extensions..js (node:internal/modules/cjs/loader:1416:10)\n    at Module.load (node:internal/modules/cjs/loader:1208:32)\n    at Module._load (node:internal/modules/cjs/loader:1024:12)\n    at Module.require (node:internal/modules/cjs/loader:1233:19)\nCould not load the function, shutting down.. Please visit https://cloud.google.com/functions/docs/troubleshooting for in-depth troubleshooting documentation."}}
[debug] [2024-08-08T21:57:25.124Z] Got source token 603fe8f2-1bbb-4528-b785-04266a95979a for region us-central1
[error] Function failed on loading user code. This is likely due to a bug in the user code. Error message: Provided module can't be loaded.
Did you list all required modules in the package.json dependencies?
Detailed stack trace: Error: Cannot find module 'nodemailer'
Require stack:
- /workspace/lib/index.js
- /layers/google.nodejs.functions-framework/functions-framework/node_modules/@google-cloud/functions-framework/build/src/loader.js
- /layers/google.nodejs.functions-framework/functions-framework/node_modules/@google-cloud/functions-framework/build/src/main.js
    at Module._resolveFilename (node:internal/modules/cjs/loader:1145:15)
    at Module._load (node:internal/modules/cjs/loader:986:27)
    at Module.require (node:internal/modules/cjs/loader:1233:19)
    at require (node:internal/modules/helpers:179:18)
    at Object.<anonymous> (/workspace/lib/index.js:23:20)
    at Module._compile (node:internal/modules/cjs/loader:1358:14)
    at Module._extensions..js (node:internal/modules/cjs/loader:1416:10)
    at Module.load (node:internal/modules/cjs/loader:1208:32)
    at Module._load (node:internal/modules/cjs/loader:1024:12)
    at Module.require (node:internal/modules/cjs/loader:1233:19)
Could not load the function, shutting down.. Please visit https://cloud.google.com/functions/docs/troubleshooting for in-depth troubleshooting documentation.
[debug] [2024-08-08T21:57:32.912Z] [update-default-us-central1-sendVerificationCode] Retrying task index 0
[debug] [2024-08-08T21:57:32.912Z] >>> [apiv2][query] GET https://cloudfunctions.googleapis.com/v1/operations/b25saW5lYmVhdXR5YXBwLWU1NzJkL3VzLWNlbnRyYWwxL3NlbmRWZXJpZmljYXRpb25Db2RlLzRKQnVSRWlNSnhJ [none]
[debug] [2024-08-08T21:57:33.349Z] <<< [apiv2][status] GET https://cloudfunctions.googleapis.com/v1/operations/b25saW5lYmVhdXR5YXBwLWU1NzJkL3VzLWNlbnRyYWwxL3NlbmRWZXJpZmljYXRpb25Db2RlLzRKQnVSRWlNSnhJ 200
[debug] [2024-08-08T21:57:33.349Z] <<< [apiv2][body] GET https://cloudfunctions.googleapis.com/v1/operations/b25saW5lYmVhdXR5YXBwLWU1NzJkL3VzLWNlbnRyYWwxL3NlbmRWZXJpZmljYXRpb25Db2RlLzRKQnVSRWlNSnhJ {"name":"operations/b25saW5lYmVhdXR5YXBwLWU1NzJkL3VzLWNlbnRyYWwxL3NlbmRWZXJpZmljYXRpb25Db2RlLzRKQnVSRWlNSnhJ","metadata":{"@type":"type.googleapis.com/google.cloud.functions.v1.OperationMetadataV1","target":"projects/onlinebeautyapp-e572d/locations/us-central1/functions/sendVerificationCode","type":"UPDATE_FUNCTION","request":{"@type":"type.googleapis.com/google.cloud.functions.v1.CloudFunction","name":"projects/onlinebeautyapp-e572d/locations/us-central1/functions/sendVerificationCode","httpsTrigger":{"url":"https://us-central1-onlinebeautyapp-e572d.cloudfunctions.net/sendVerificationCode","securityLevel":"SECURE_ALWAYS"},"status":"ACTIVE","entryPoint":"sendVerificationCode","updateTime":"2024-08-08T21:09:32.819Z","versionId":"1","labels":{"deployment-tool":"cli-firebase","deployment-callable":"true","firebase-functions-hash":"1f097dc6b734ab3771f8abfb09d44060ddde2624"},"sourceUploadUrl":"https://storage.googleapis.com/uploads-678197337532.us-central1.cloudfunctions.appspot.com/e4f85956-7c15-4c2d-8605-044471782dad.zip?GoogleAccessId=service-796785992105@gcf-admin-robot.iam.gserviceaccount.com&Expires=1723155963&Signature=ONot4lB8eXHlfjoGADWHzTRoQM23hZPrsI8oMJ8lD%2BwRIl2rLsMo4AVZlA5Ug22wWJc9wVQBBJK06fjjvnD7bp2%2FntrBCWHM1Kbj8rWCBcJps%2FGOShnjv2Smxey9LHOJIJ9kkHpnlinc%2BFA1Sm2hMzKFK0H860OAYT8uhETF3swvgsv6mFjHZn63EiaTPfjm%2FiwQxhsZqUyFC6IVr4fVQYgSgjPerWQMjUyJJ1I5HIWk6TnN%2F1tgzdmgR14kpO74aQAOj603bnz6R8NibZP5CjoMKYnPeLbRMOBUeb6x5jNCmH2uEJ6u6A08jtcp6kv6Js0h4V0d5rL5kKaaHNsyRg%3D%3D","environmentVariables":{"FIREBASE_CONFIG":"{\"projectId\":\"onlinebeautyapp-e572d\",\"storageBucket\":\"onlinebeautyapp-e572d.appspot.com\"}","GCLOUD_PROJECT":"onlinebeautyapp-e572d","EVENTARC_CLOUD_EVENT_SOURCE":"projects/onlinebeautyapp-e572d/locations/us-central1/functions/sendVerificationCode"},"runtime":"nodejs20","buildId":"702cb944-6bce-40d0-af90-6148f7bc3726","buildEnvironmentVariables":{"GOOGLE_NODE_RUN_SCRIPTS":""},"sourceToken":"603fe8f2-1bbb-4528-b785-04266a95979a","buildName":"projects/796785992105/locations/us-central1/builds/702cb944-6bce-40d0-af90-6148f7bc3726","dockerRegistry":"ARTIFACT_REGISTRY","automaticUpdatePolicy":{},"buildServiceAccount":"796785992105-compute@developer.gserviceaccount.com"},"versionId":"2","updateTime":"2024-08-08T21:57:33Z","buildId":"2b39981a-9901-4d6b-ae6e-1137a5c06903","sourceToken":"603fe8f2-1bbb-4528-b785-04266a95979a","buildName":"projects/796785992105/locations/us-central1/builds/2b39981a-9901-4d6b-ae6e-1137a5c06903"},"done":true,"error":{"code":3,"message":"Function failed on loading user code. This is likely due to a bug in the user code. Error message: Provided module can't be loaded.\nDid you list all required modules in the package.json dependencies?\nDetailed stack trace: Error: Cannot find module 'nodemailer'\nRequire stack:\n- /workspace/lib/index.js\n- /layers/google.nodejs.functions-framework/functions-framework/node_modules/@google-cloud/functions-framework/build/src/loader.js\n- /layers/google.nodejs.functions-framework/functions-framework/node_modules/@google-cloud/functions-framework/build/src/main.js\n    at Module._resolveFilename (node:internal/modules/cjs/loader:1145:15)\n    at Module._load (node:internal/modules/cjs/loader:986:27)\n    at Module.require (node:internal/modules/cjs/loader:1233:19)\n    at require (node:internal/modules/helpers:179:18)\n    at Object.<anonymous> (/workspace/lib/index.js:23:20)\n    at Module._compile (node:internal/modules/cjs/loader:1358:14)\n    at Module._extensions..js (node:internal/modules/cjs/loader:1416:10)\n    at Module.load (node:internal/modules/cjs/loader:1208:32)\n    at Module._load (node:internal/modules/cjs/loader:1024:12)\n    at Module.require (node:internal/modules/cjs/loader:1233:19)\nCould not load the function, shutting down.. Please visit https://cloud.google.com/functions/docs/troubleshooting for in-depth troubleshooting documentation."}}
[debug] [2024-08-08T21:57:33.350Z] Got source token 603fe8f2-1bbb-4528-b785-04266a95979a for region us-central1
[error] Function failed on loading user code. This is likely due to a bug in the user code. Error message: Provided module can't be loaded.
Did you list all required modules in the package.json dependencies?
Detailed stack trace: Error: Cannot find module 'nodemailer'
Require stack:
- /workspace/lib/index.js
- /layers/google.nodejs.functions-framework/functions-framework/node_modules/@google-cloud/functions-framework/build/src/loader.js
- /layers/google.nodejs.functions-framework/functions-framework/node_modules/@google-cloud/functions-framework/build/src/main.js
    at Module._resolveFilename (node:internal/modules/cjs/loader:1145:15)
    at Module._load (node:internal/modules/cjs/loader:986:27)
    at Module.require (node:internal/modules/cjs/loader:1233:19)
    at require (node:internal/modules/helpers:179:18)
    at Object.<anonymous> (/workspace/lib/index.js:23:20)
    at Module._compile (node:internal/modules/cjs/loader:1358:14)
    at Module._extensions..js (node:internal/modules/cjs/loader:1416:10)
    at Module.load (node:internal/modules/cjs/loader:1208:32)
    at Module._load (node:internal/modules/cjs/loader:1024:12)
    at Module.require (node:internal/modules/cjs/loader:1233:19)
Could not load the function, shutting down.. Please visit https://cloud.google.com/functions/docs/troubleshooting for in-depth troubleshooting documentation.
[debug] [2024-08-08T21:57:33.369Z] Total Function Deployment time: 89082
[debug] [2024-08-08T21:57:33.369Z] 2 Functions Deployed
[debug] [2024-08-08T21:57:33.369Z] 2 Functions Errored
[debug] [2024-08-08T21:57:33.369Z] 0 Function Deployments Aborted
[debug] [2024-08-08T21:57:33.370Z] Average Function Deployment time: 84961.5
[info] 
[info] Functions deploy had errors with the following functions:
	checkIfEmailExists(us-central1)
	sendVerificationCode(us-central1)
[info] i  functions: cleaning up build files... 
[debug] [2024-08-08T21:57:33.485Z] >>> [apiv2][query] DELETE https://artifactregistry.googleapis.com/v1beta2/projects/onlinebeautyapp-e572d/locations/us-central1/repositories/gcf-artifacts/packages/send_verification_code [none]
[debug] [2024-08-08T21:57:33.487Z] >>> [apiv2][query] DELETE https://artifactregistry.googleapis.com/v1beta2/projects/onlinebeautyapp-e572d/locations/us-central1/repositories/gcf-artifacts/packages/check_if_email_exists [none]
[debug] [2024-08-08T21:57:33.489Z] >>> [apiv2][query] GET https://us.gcr.io/v2/onlinebeautyapp-e572d/gcf/us-central1/tags/list [none]
[debug] [2024-08-08T21:57:33.847Z] <<< [apiv2][status] GET https://us.gcr.io/v2/onlinebeautyapp-e572d/gcf/us-central1/tags/list 404
[debug] [2024-08-08T21:57:33.847Z] <<< [apiv2][body] GET https://us.gcr.io/v2/onlinebeautyapp-e572d/gcf/us-central1/tags/list {"errors":[{"code":"NAME_UNKNOWN","message":"Repository \"us.gcr.io\" not found"}]}
[debug] [2024-08-08T21:57:33.848Z] Failed docker command with error  HTTP Error: 404, Not Found {"name":"FirebaseError","children":[],"context":{"body":{"errors":[{"code":"NAME_UNKNOWN","message":"Repository \"us.gcr.io\" not found"}],"error":{"message":"Not Found"}},"response":{"statusCode":404}},"exit":1,"message":"HTTP Error: 404, Not Found","status":404}
[debug] [2024-08-08T21:57:33.852Z] >>> [apiv2][query] GET https://us.gcr.io/v2/onlinebeautyapp-e572d/gcf/us-central1/tags/list [none]
[debug] [2024-08-08T21:57:34.144Z] <<< [apiv2][status] GET https://us.gcr.io/v2/onlinebeautyapp-e572d/gcf/us-central1/tags/list 404
[debug] [2024-08-08T21:57:34.145Z] <<< [apiv2][body] GET https://us.gcr.io/v2/onlinebeautyapp-e572d/gcf/us-central1/tags/list {"errors":[{"code":"NAME_UNKNOWN","message":"Repository \"us.gcr.io\" not found"}]}
[debug] [2024-08-08T21:57:34.145Z] Failed docker command with error  HTTP Error: 404, Not Found {"name":"FirebaseError","children":[],"context":{"body":{"errors":[{"code":"NAME_UNKNOWN","message":"Repository \"us.gcr.io\" not found"}],"error":{"message":"Not Found"}},"response":{"statusCode":404}},"exit":1,"message":"HTTP Error: 404, Not Found","status":404}
[debug] [2024-08-08T21:57:34.246Z] >>> [apiv2][query] GET https://us.gcr.io/v2/onlinebeautyapp-e572d/gcf/us-central1/tags/list [none]
[debug] [2024-08-08T21:57:34.395Z] <<< [apiv2][status] DELETE https://artifactregistry.googleapis.com/v1beta2/projects/onlinebeautyapp-e572d/locations/us-central1/repositories/gcf-artifacts/packages/send_verification_code 404
[debug] [2024-08-08T21:57:34.395Z] <<< [apiv2][body] DELETE https://artifactregistry.googleapis.com/v1beta2/projects/onlinebeautyapp-e572d/locations/us-central1/repositories/gcf-artifacts/packages/send_verification_code {"error":{"code":404,"message":"Package \"projects/onlinebeautyapp-e572d/locations/us-central1/repositories/gcf-artifacts/packages/send_verification_code\" was not found.","status":"NOT_FOUND"}}
[debug] [2024-08-08T21:57:34.415Z] <<< [apiv2][status] DELETE https://artifactregistry.googleapis.com/v1beta2/projects/onlinebeautyapp-e572d/locations/us-central1/repositories/gcf-artifacts/packages/check_if_email_exists 200
[debug] [2024-08-08T21:57:34.415Z] <<< [apiv2][body] DELETE https://artifactregistry.googleapis.com/v1beta2/projects/onlinebeautyapp-e572d/locations/us-central1/repositories/gcf-artifacts/packages/check_if_email_exists {"name":"projects/onlinebeautyapp-e572d/locations/us-central1/operations/9d8da344-81d9-49a7-95a6-440096b414b7","metadata":{"@type":"type.googleapis.com/google.devtools.artifactregistry.v1beta2.OperationMetadata"}}
[debug] [2024-08-08T21:57:34.416Z] >>> [apiv2][query] GET https://artifactregistry.googleapis.com/v1beta2/projects/onlinebeautyapp-e572d/locations/us-central1/operations/9d8da344-81d9-49a7-95a6-440096b414b7 [none]
[debug] [2024-08-08T21:57:34.533Z] <<< [apiv2][status] GET https://us.gcr.io/v2/onlinebeautyapp-e572d/gcf/us-central1/tags/list 404
[debug] [2024-08-08T21:57:34.533Z] <<< [apiv2][body] GET https://us.gcr.io/v2/onlinebeautyapp-e572d/gcf/us-central1/tags/list {"errors":[{"code":"NAME_UNKNOWN","message":"Repository \"us.gcr.io\" not found"}]}
[debug] [2024-08-08T21:57:34.533Z] Failed docker command with error  HTTP Error: 404, Not Found {"name":"FirebaseError","children":[],"context":{"body":{"errors":[{"code":"NAME_UNKNOWN","message":"Repository \"us.gcr.io\" not found"}],"error":{"message":"Not Found"}},"response":{"statusCode":404}},"exit":1,"message":"HTTP Error: 404, Not Found","status":404}
[debug] [2024-08-08T21:57:35.228Z] <<< [apiv2][status] GET https://artifactregistry.googleapis.com/v1beta2/projects/onlinebeautyapp-e572d/locations/us-central1/operations/9d8da344-81d9-49a7-95a6-440096b414b7 200
[debug] [2024-08-08T21:57:35.228Z] <<< [apiv2][body] GET https://artifactregistry.googleapis.com/v1beta2/projects/onlinebeautyapp-e572d/locations/us-central1/operations/9d8da344-81d9-49a7-95a6-440096b414b7 {"name":"projects/onlinebeautyapp-e572d/locations/us-central1/operations/9d8da344-81d9-49a7-95a6-440096b414b7","metadata":{"@type":"type.googleapis.com/google.devtools.artifactregistry.v1beta2.OperationMetadata"},"done":true,"response":{"@type":"type.googleapis.com/google.protobuf.Empty"}}
[warn] !  functions: Unhandled error cleaning up build images. This could result in a small monthly bill if not corrected. You can attempt to delete these images by redeploying or you can delete them manually at https://console.cloud.google.com/gcr/images/onlinebeautyapp-e572d/us/gcf 
[debug] [2024-08-08T21:57:35.229Z] Functions deploy failed.
[debug] [2024-08-08T21:57:35.230Z] {
  "endpoint": {
    "id": "checkIfEmailExists",
    "project": "onlinebeautyapp-e572d",
    "region": "us-central1",
    "entryPoint": "checkIfEmailExists",
    "platform": "gcfv1",
    "runtime": "nodejs20",
    "callableTrigger": {},
    "labels": {
      "deployment-tool": "cli-firebase"
    },
    "ingressSettings": null,
    "availableMemoryMb": null,
    "serviceAccount": null,
    "timeoutSeconds": null,
    "maxInstances": null,
    "minInstances": null,
    "vpc": null,
    "environmentVariables": {
      "FIREBASE_CONFIG": "{\"projectId\":\"onlinebeautyapp-e572d\",\"storageBucket\":\"onlinebeautyapp-e572d.appspot.com\"}",
      "GCLOUD_PROJECT": "onlinebeautyapp-e572d",
      "EVENTARC_CLOUD_EVENT_SOURCE": "projects/onlinebeautyapp-e572d/locations/us-central1/functions/checkIfEmailExists"
    },
    "codebase": "default",
    "targetedByOnly": false,
    "hash": "1f097dc6b734ab3771f8abfb09d44060ddde2624"
  },
  "op": "create",
  "original": {
    "name": "FirebaseError",
    "children": [],
    "exit": 1,
    "message": "Function failed on loading user code. This is likely due to a bug in the user code. Error message: Provided module can't be loaded.\nDid you list all required modules in the package.json dependencies?\nDetailed stack trace: Error: Cannot find module 'nodemailer'\nRequire stack:\n- /workspace/lib/index.js\n- /layers/google.nodejs.functions-framework/functions-framework/node_modules/@google-cloud/functions-framework/build/src/loader.js\n- /layers/google.nodejs.functions-framework/functions-framework/node_modules/@google-cloud/functions-framework/build/src/main.js\n    at Module._resolveFilename (node:internal/modules/cjs/loader:1145:15)\n    at Module._load (node:internal/modules/cjs/loader:986:27)\n    at Module.require (node:internal/modules/cjs/loader:1233:19)\n    at require (node:internal/modules/helpers:179:18)\n    at Object.<anonymous> (/workspace/lib/index.js:23:20)\n    at Module._compile (node:internal/modules/cjs/loader:1358:14)\n    at Module._extensions..js (node:internal/modules/cjs/loader:1416:10)\n    at Module.load (node:internal/modules/cjs/loader:1208:32)\n    at Module._load (node:internal/modules/cjs/loader:1024:12)\n    at Module.require (node:internal/modules/cjs/loader:1233:19)\nCould not load the function, shutting down.. Please visit https://cloud.google.com/functions/docs/troubleshooting for in-depth troubleshooting documentation.",
    "original": {
      "code": 3,
      "message": "Function failed on loading user code. This is likely due to a bug in the user code. Error message: Provided module can't be loaded.\nDid you list all required modules in the package.json dependencies?\nDetailed stack trace: Error: Cannot find module 'nodemailer'\nRequire stack:\n- /workspace/lib/index.js\n- /layers/google.nodejs.functions-framework/functions-framework/node_modules/@google-cloud/functions-framework/build/src/loader.js\n- /layers/google.nodejs.functions-framework/functions-framework/node_modules/@google-cloud/functions-framework/build/src/main.js\n    at Module._resolveFilename (node:internal/modules/cjs/loader:1145:15)\n    at Module._load (node:internal/modules/cjs/loader:986:27)\n    at Module.require (node:internal/modules/cjs/loader:1233:19)\n    at require (node:internal/modules/helpers:179:18)\n    at Object.<anonymous> (/workspace/lib/index.js:23:20)\n    at Module._compile (node:internal/modules/cjs/loader:1358:14)\n    at Module._extensions..js (node:internal/modules/cjs/loader:1416:10)\n    at Module.load (node:internal/modules/cjs/loader:1208:32)\n    at Module._load (node:internal/modules/cjs/loader:1024:12)\n    at Module.require (node:internal/modules/cjs/loader:1233:19)\nCould not load the function, shutting down.. Please visit https://cloud.google.com/functions/docs/troubleshooting for in-depth troubleshooting documentation."
    },
    "status": 3,
    "code": 3
  }
}
[debug] [2024-08-08T21:57:35.230Z] {
  "endpoint": {
    "id": "sendVerificationCode",
    "project": "onlinebeautyapp-e572d",
    "region": "us-central1",
    "entryPoint": "sendVerificationCode",
    "platform": "gcfv1",
    "runtime": "nodejs20",
    "callableTrigger": {},
    "labels": {
      "deployment-tool": "cli-firebase"
    },
    "ingressSettings": null,
    "availableMemoryMb": null,
    "serviceAccount": null,
    "timeoutSeconds": null,
    "maxInstances": null,
    "minInstances": null,
    "vpc": null,
    "environmentVariables": {
      "FIREBASE_CONFIG": "{\"projectId\":\"onlinebeautyapp-e572d\",\"storageBucket\":\"onlinebeautyapp-e572d.appspot.com\"}",
      "GCLOUD_PROJECT": "onlinebeautyapp-e572d",
      "EVENTARC_CLOUD_EVENT_SOURCE": "projects/onlinebeautyapp-e572d/locations/us-central1/functions/sendVerificationCode"
    },
    "codebase": "default",
    "securityLevel": "SECURE_ALWAYS",
    "targetedByOnly": false,
    "hash": "1f097dc6b734ab3771f8abfb09d44060ddde2624"
  },
  "op": "update",
  "original": {
    "name": "FirebaseError",
    "children": [],
    "exit": 1,
    "message": "Function failed on loading user code. This is likely due to a bug in the user code. Error message: Provided module can't be loaded.\nDid you list all required modules in the package.json dependencies?\nDetailed stack trace: Error: Cannot find module 'nodemailer'\nRequire stack:\n- /workspace/lib/index.js\n- /layers/google.nodejs.functions-framework/functions-framework/node_modules/@google-cloud/functions-framework/build/src/loader.js\n- /layers/google.nodejs.functions-framework/functions-framework/node_modules/@google-cloud/functions-framework/build/src/main.js\n    at Module._resolveFilename (node:internal/modules/cjs/loader:1145:15)\n    at Module._load (node:internal/modules/cjs/loader:986:27)\n    at Module.require (node:internal/modules/cjs/loader:1233:19)\n    at require (node:internal/modules/helpers:179:18)\n    at Object.<anonymous> (/workspace/lib/index.js:23:20)\n    at Module._compile (node:internal/modules/cjs/loader:1358:14)\n    at Module._extensions..js (node:internal/modules/cjs/loader:1416:10)\n    at Module.load (node:internal/modules/cjs/loader:1208:32)\n    at Module._load (node:internal/modules/cjs/loader:1024:12)\n    at Module.require (node:internal/modules/cjs/loader:1233:19)\nCould not load the function, shutting down.. Please visit https://cloud.google.com/functions/docs/troubleshooting for in-depth troubleshooting documentation.",
    "original": {
      "code": 3,
      "message": "Function failed on loading user code. This is likely due to a bug in the user code. Error message: Provided module can't be loaded.\nDid you list all required modules in the package.json dependencies?\nDetailed stack trace: Error: Cannot find module 'nodemailer'\nRequire stack:\n- /workspace/lib/index.js\n- /layers/google.nodejs.functions-framework/functions-framework/node_modules/@google-cloud/functions-framework/build/src/loader.js\n- /layers/google.nodejs.functions-framework/functions-framework/node_modules/@google-cloud/functions-framework/build/src/main.js\n    at Module._resolveFilename (node:internal/modules/cjs/loader:1145:15)\n    at Module._load (node:internal/modules/cjs/loader:986:27)\n    at Module.require (node:internal/modules/cjs/loader:1233:19)\n    at require (node:internal/modules/helpers:179:18)\n    at Object.<anonymous> (/workspace/lib/index.js:23:20)\n    at Module._compile (node:internal/modules/cjs/loader:1358:14)\n    at Module._extensions..js (node:internal/modules/cjs/loader:1416:10)\n    at Module.load (node:internal/modules/cjs/loader:1208:32)\n    at Module._load (node:internal/modules/cjs/loader:1024:12)\n    at Module.require (node:internal/modules/cjs/loader:1233:19)\nCould not load the function, shutting down.. Please visit https://cloud.google.com/functions/docs/troubleshooting for in-depth troubleshooting documentation."
    },
    "status": 3,
    "code": 3
  }
}
[error] Error: There was an error deploying functions:
[error] - Error Failed to create function checkIfEmailExists in region us-central1
[error] - Error Failed to update function sendVerificationCode in region us-central1
